#
# A fatal error has been detected by the Java Runtime Environment:
#
#  EXCEPTION_ACCESS_VIOLATION (0xc0000005) at pc=0x00007ff8193926c4, pid=28396, tid=19200
#
# JRE version: OpenJDK Runtime Environment (24.0.1+9) (build 24.0.1+9-30)
# Java VM: OpenJDK 64-Bit Server VM (24.0.1+9-30, mixed mode, sharing, tiered, compressed oops, compressed class ptrs, g1 gc, windows-amd64)
# Problematic frame:
# C  0x00007ff8193926c4
#
# No core dump will be written. Minidumps are not enabled by default on client versions of Windows
#
# JFR recording file will be written. Location: C:\Users\nathf_fzn2ofq\IdeaProjects\JavaFx Pain\hs_err_pid28396.jfr
#
# If you would like to submit a bug report, please visit:
#   https://bugreport.java.com/bugreport/crash.jsp
# The crash happened outside the Java Virtual Machine in native code.
# See problematic frame for where to report the bug.
#

---------------  S U M M A R Y ------------

Command Line: --module-path=C:\Users\nathf_fzn2ofq\javafx-sdk-24.0.1\lib --add-modules=javafx.controls,javafx.fxml -javaagent:C:\Program Files\JetBrains\IntelliJ IDEA 2025.1.1.1\lib\idea_rt.jar=59165 -Dfile.encoding=UTF-8 -Dsun.stdout.encoding=UTF-8 -Dsun.stderr.encoding=UTF-8 AccountSystem

Host: Intel(R) Core(TM) i5-10210U CPU @ 1.60GHz, 8 cores, 15G,  Windows 11 , 64 bit Build 22621 (10.0.22621.5124)
Time: Tue May 20 14:49:23 2025 AUS Eastern Standard Time elapsed time: 2.351955 seconds (0d 0h 0m 2s)

---------------  T H R E A D  ---------------

Current thread (0x000001e7c8a3fc30):  JavaThread "Attach Listener" daemon [_thread_in_native, id=19200, stack(0x00000069bbb00000,0x00000069bbc00000) (1024K)]

Stack: [0x00000069bbb00000,0x00000069bbc00000],  sp=0x00000069bbbfed40,  free space=1019k
Native frames: (J=compiled Java code, j=interpreted, Vv=VM code, C=native code)
C  0x00007ff8193926c4  (no source info available)
C  0x00007ff819392b9b  (no source info available)
C  0x00007ff8193917f4  (no source info available)
C  0x00007ff81939206a  (no source info available)
C  0x00007ff81938cc21  (no source info available)
C  0x00007ff81937e5e1  (no source info available)
C  0x00007ff81937d2f8  (no source info available)
C  0x00007ff81937d1e0  (no source info available)
C  0x00007ff8193841b9  (no source info available)
V  [jvm.dll+0x57eff7]  (no source info available)
V  [jvm.dll+0x57fdac]  (no source info available)
V  [jvm.dll+0x14ca17]  (no source info available)
V  [jvm.dll+0x14dfe1]  (no source info available)
V  [jvm.dll+0x42f456]  (no source info available)
V  [jvm.dll+0x87d76b]  (no source info available)
V  [jvm.dll+0x72ee55]  (no source info available)
C  [ucrtbase.dll+0x29333]  (no source info available)
C  [KERNEL32.DLL+0x1259d]  (no source info available)
C  [ntdll.dll+0x5af38]  (no source info available)


siginfo: EXCEPTION_ACCESS_VIOLATION (0xc0000005), reading address 0xffffffffffffffff


Registers:
RAX=0x0000000000000010, RBX=0x0000000000000000, RCX=0xffffffffffffffff, RDX=0x007ff810dc300010
RSP=0x00000069bbbfed40, RBP=0x000001e80f05da98, RSI=0x00000069bbbfeeb0, RDI=0x000001e80f05da98
R8 =0x0000000000000042, R9 =0x000000071080aad8, R10=0x00007ff811039fb0, R11=0x0000000000000004
R12=0x00000069bbbfeeb0, R13=0x000001e80f08dbc0, R14=0x000001e7c8a3fff8, R15=0x000001e7c8a3fff8
RIP=0x00007ff8193926c4, EFLAGS=0x0000000000010202

XMM[0]=0x0000000000000000 0x0000000000000000
XMM[1]=0x0000000000000000 0x0000000000000000
XMM[2]=0x0000000000000000 0x0000000000000000
XMM[3]=0x0000000000000000 0x0000000000000000
XMM[4]=0x0000000000000000 0x0000000000000000
XMM[5]=0x0000000000000000 0x0000000000000000
XMM[6]=0x0000000000000000 0x0000000000000000
XMM[7]=0x0000000000000000 0x0000000000000000
XMM[8]=0x0000000000000000 0x0000000000000000
XMM[9]=0x0000000000000000 0x0000000000000000
XMM[10]=0x0000000000000000 0x0000000000000000
XMM[11]=0x0000000000000000 0x0000000000000000
XMM[12]=0x0000000000000000 0x0000000000000000
XMM[13]=0x0000000000000000 0x0000000000000000
XMM[14]=0x0000000000000000 0x0000000000000000
XMM[15]=0x0000000000000000 0x0000000000000000
  MXCSR=0x00001fa0


Register to memory mapping:

RAX=0x0000000000000010 is an unknown value
RBX=0x0 is null
RCX=0xffffffffffffffff is an unknown value
RDX=0x007ff810dc300010 is an unknown value
RSP=0x00000069bbbfed40 is pointing into the stack for thread: 0x000001e7c8a3fc30
RBP=0x000001e80f05da98 points into unknown readable memory: 0x000000071080aad8 | d8 aa 80 10 07 00 00 00
RSI=0x00000069bbbfeeb0 is pointing into the stack for thread: 0x000001e7c8a3fc30
RDI=0x000001e80f05da98 points into unknown readable memory: 0x000000071080aad8 | d8 aa 80 10 07 00 00 00
R8 =0x0000000000000042 is an unknown value
R9 =0x000000071080aad8 is an oop: java.lang.Thread 
{0x000000071080aad8} - klass: 'java/lang/Thread' - flags: 

 - ---- fields (total size 14 words):
 - 'threadLocalRandomProbe' 'I' @12  0 (0x00000000)
 - private volatile 'eetop' 'J' @16  2094488094080 (0x000001e7a9380580)
 - private final 'tid' 'J' @24  3 (0x0000000000000003)
 - 'threadLocalRandomSeed' 'J' @32  0 (0x0000000000000000)
 - injected 'jvmti_thread_state' 'J' @40  2096292594032 (0x000001e814c68170)
 - 'threadLocalRandomSecondarySeed' 'I' @48  0 (0x00000000)
 - injected 'jvmti_VTMS_transition_disable_count' 'I' @52  0 (0x00000000)
 - injected 'jfr_epoch' 'S' @56  0 (0x0000)
 - volatile 'interrupted' 'Z' @58  false (0x00)
 - injected 'jvmti_is_in_VTMS_transition' 'Z' @59  false (0x00)
 - private volatile 'name' 'Ljava/lang/String;' @60  "main"{0x0000000710449e10} (0xe20893c2)
 - private volatile 'contextClassLoader' 'Ljava/lang/ClassLoader;' @64  a 'jdk/internal/loader/ClassLoaders$AppClassLoader'{0x0000000710806ac0} (0xe2100d58)
 - private final 'holder' 'Ljava/lang/Thread$FieldHolder;' @68  a 'java/lang/Thread$FieldHolder'{0x0000000710449e40} (0xe20893c8)
 - 'threadLocals' 'Ljava/lang/ThreadLocal$ThreadLocalMap;' @72  a 'java/lang/ThreadLocal$ThreadLocalMap'{0x0000000710449e68} (0xe20893cd)
 - 'inheritableThreadLocals' 'Ljava/lang/ThreadLocal$ThreadLocalMap;' @76  null (0x00000000)
 - private 'scopedValueBindings' 'Ljava/lang/Object;' @80  a 'java/lang/Class'{0x00000007ffe7c258} = 'java/lang/Thread' (0xfffcf84b)
 - final 'interruptLock' 'Ljava/lang/Object;' @84  a 'java/lang/Object'{0x000000071044a098} (0xe2089413)
 - private volatile 'parkBlocker' 'Ljava/lang/Object;' @88  a 'java/util/concurrent/CountDownLatch$Sync'{0x000000071080aab8} (0xe2101557)
 - private 'nioBlocker' 'Lsun/nio/ch/Interruptible;' @92  null (0x00000000)
 - private 'cont' 'Ljdk/internal/vm/Continuation;' @96  null (0x00000000)
 - private volatile 'uncaughtExceptionHandler' 'Ljava/lang/Thread$UncaughtExceptionHandler;' @100  null (0x00000000)
 - private 'container' 'Ljdk/internal/vm/ThreadContainer;' @104  null (0x00000000)
 - private volatile 'headStackableScopes' 'Ljdk/internal/vm/StackableScope;' @108  null (0x00000000)
R10=0x00007ff811039fb0 jvm.dll
R11=0x0000000000000004 is an unknown value
R12=0x00000069bbbfeeb0 is pointing into the stack for thread: 0x000001e7c8a3fc30
R13=0x000001e80f08dbc0 points into unknown readable memory: 0x00007ff810faa510 | 10 a5 fa 10 f8 7f 00 00
R14=0x000001e7c8a3fff8 points into unknown readable memory: 0x00007ff810fa17b0 | b0 17 fa 10 f8 7f 00 00
R15=0x000001e7c8a3fff8 points into unknown readable memory: 0x00007ff810fa17b0 | b0 17 fa 10 f8 7f 00 00

Top of Stack: (sp=0x00000069bbbfed40)
0x00000069bbbfed40:   00000069bbbfeeb0 000001e80f05da98   ....i...........
0x00000069bbbfed50:   0000000000000000 000001e7c8a40380   ................
0x00000069bbbfed60:   0000000000000033 00007ff819392b9b   3........+9.....
0x00000069bbbfed70:   0000000000000000 000001e7c8a3fff8   ................
0x00000069bbbfed80:   00000069bbbfee01 0000000000000000   ....i...........
0x00000069bbbfed90:   000001e816036e60 00007ff8193917f4   `n........9.....
0x00000069bbbfeda0:   0000000000000000 0000000000000033   ........3.......
0x00000069bbbfedb0:   0000000000000000 0000000000000033   ........3.......
0x00000069bbbfedc0:   000000141a34c040 000001e815cfd0e0   @.4.............
0x00000069bbbfedd0:   000001e816036e60 000001e816036f2c   `n......,o......
0x00000069bbbfede0:   000001e816036f5c 0000000000005c84   \o.......\......
0x00000069bbbfedf0:   0000000000000000 0000000000000000   ................
0x00000069bbbfee00:   0000000000000000 00007ff8108057d4   .........W......
0x00000069bbbfee10:   00007ff8194d4ca0 0000000000006eec   .LM......n......
0x00000069bbbfee20:   00007ff8194d4ca0 00000000ffffffff   .LM.............
0x00000069bbbfee30:   0000000000000000 00007ff81939206a   ........j 9.....
0x00000069bbbfee40:   000001e7c8a3fff8 0000000000000000   ................
0x00000069bbbfee50:   00000069bbbfeeb9 000001e80f08dbc0   ....i...........
0x00000069bbbfee60:   0000000000000003 0000000000000048   ........H.......
0x00000069bbbfee70:   0000000800800310 0000000000000020   ........ .......
0x00000069bbbfee80:   000001e7c8a3fff8 00007ff8194d4ca0   .........LM.....
0x00000069bbbfee90:   000001e7c8a43140 000001e814c68170   @1......p.......
0x00000069bbbfeea0:   0000000800800390 000001e7c8a3fff8   ................
0x00000069bbbfeeb0:   000001e8164f35c0 000001e8164f3c20   .5O..... <O.....
0x00000069bbbfeec0:   000001e8164f3c20 00007ff8194d4ca0    <O......LM.....
0x00000069bbbfeed0:   000001e816091a10 000001e7a6fc0000   ................
0x00000069bbbfeee0:   00000069bbbff180 0000000000008840   ....i...@.......
0x00000069bbbfeef0:   00000069bbbff360 00007ff8194d4cf0   `...i....LM.....
0x00000069bbbfef00:   0000000000989680 0000000000989680   ................
0x00000069bbbfef10:   00000069bbbff020 00007ff81938cc21    ...i...!.8.....
0x00000069bbbfef20:   00007ff8194d4ca0 00007ff8194d4cf8   .LM......LM.....
0x00000069bbbfef30:   00007ff800000000 00007ff800000001   ................

Instructions: (pc=0x00007ff8193926c4)
  0x00007ff8193925c4:   cc cc cc cc cc cc cc cc cc cc cc cc cc cc cc cc
  0x00007ff8193925d4:   cc cc cc cc cc cc cc cc cc cc cc cc cc cc cc cc
  0x00007ff8193925e4:   cc cc cc cc cc cc cc cc cc cc cc cc cc cc cc cc
  0x00007ff8193925f4:   cc cc cc cc cc cc cc cc cc cc cc cc cc cc cc cc
  0x00007ff819392604:   cc cc cc cc cc cc cc cc cc cc cc cc cc cc cc cc
  0x00007ff819392614:   cc cc cc cc cc cc cc cc cc cc cc cc cc cc cc cc
  0x00007ff819392624:   cc cc cc cc cc cc cc cc cc cc cc cc cc cc cc cc
  0x00007ff819392634:   cc cc cc cc cc cc cc cc cc cc cc cc cc cc cc cc
  0x00007ff819392644:   cc cc cc cc cc cc cc cc cc cc cc cc 40 57 48 83
  0x00007ff819392654:   ec 20 48 8b f9 48 8b 0d 10 28 14 00 48 85 c9 74
  0x00007ff819392664:   20 48 8b 01 48 8d 54 24 38 41 b8 06 00 01 00 4c
  0x00007ff819392674:   8b 48 30 41 ff d1 85 c0 75 07 48 8b 4c 24 38 eb
  0x00007ff819392684:   02 33 c9 4c 8b 05 ea 28 14 00 48 89 5c 24 30 4d
  0x00007ff819392694:   85 c0 74 4a 48 8b 01 48 8b d7 4c 8b 88 28 03 00
  0x00007ff8193926a4:   00 41 ff d1 48 85 c0 74 35 48 63 0d f8 e6 13 00
  0x00007ff8193926b4:   48 8b 14 01 48 85 d2 74 15 48 63 05 fc e6 13 00
=>0x00007ff8193926c4:   8b 04 10 48 8b 5c 24 30 48 83 c4 20 5f c3 b8 ff
  0x00007ff8193926d4:   ff ff ff 48 8b 5c 24 30 48 83 c4 20 5f c3 80 3d
  0x00007ff8193926e4:   9b 27 14 00 00 bb ff ff ff ff 74 20 4c 8b 0d 31
  0x00007ff8193926f4:   24 14 00 4c 8d 44 24 38 48 8b 0d 15 24 14 00 48
  0x00007ff819392704:   8b d7 41 ff d1 85 c0 0f 44 5c 24 38 8b c3 48 8b
  0x00007ff819392714:   5c 24 30 48 83 c4 20 5f c3 cc cc cc cc cc cc cc
  0x00007ff819392724:   cc cc cc cc cc cc cc cc cc cc cc cc cc cc cc cc
  0x00007ff819392734:   cc cc cc cc cc cc cc cc cc cc cc cc cc cc cc cc
  0x00007ff819392744:   cc cc cc cc cc cc cc cc cc cc cc cc 48 89 54 24
  0x00007ff819392754:   10 53 55 56 57 41 56 41 57 48 83 ec 28 48 8b f2
  0x00007ff819392764:   4c 8b f1 48 89 4c 24 78 45 33 ff 44 89 7c 24 68
  0x00007ff819392774:   c7 44 24 60 01 00 00 00 48 8d 4c 24 68 e8 ed 42
  0x00007ff819392784:   f7 ff 8b d8 48 8d 4c 24 60 e8 e1 42 f7 ff 8b e8
  0x00007ff819392794:   49 8b ce e8 00 fc f6 ff 48 8b f8 90 8b c3 f0 0f
  0x00007ff8193927a4:   b1 2f 74 04 f3 90 eb f4 4c 89 3e 4c 89 7e 08 4c
  0x00007ff8193927b4:   89 7e 10 49 8b 6e 08 4d 8b 76 10 49 3b ee 0f 84


Stack slot to memory mapping:

stack at sp + 0 slots: 0x00000069bbbfeeb0 is pointing into the stack for thread: 0x000001e7c8a3fc30
stack at sp + 1 slots: 0x000001e80f05da98 points into unknown readable memory: 0x000000071080aad8 | d8 aa 80 10 07 00 00 00
stack at sp + 2 slots: 0x0 is null
stack at sp + 3 slots: 0x000001e7c8a40380 points into unknown readable memory: 0x6e616c2e6176616a | 6a 61 76 61 2e 6c 61 6e
stack at sp + 4 slots: 0x0000000000000033 is an unknown value
stack at sp + 5 slots: 0x00007ff819392b9b points into unknown readable memory: 44 8b d8 83 f8
stack at sp + 6 slots: 0x0 is null
stack at sp + 7 slots: 0x000001e7c8a3fff8 points into unknown readable memory: 0x00007ff810fa17b0 | b0 17 fa 10 f8 7f 00 00

Lock stack of current Java thread (top to bottom):


---------------  P R O C E S S  ---------------

Threads class SMR info:
_java_thread_list=0x000001e8159950f0, length=26, elements={
0x000001e7a9380580, 0x000001e7c8a397d0, 0x000001e7c8a3a3d0, 0x000001e7c8a3cc10,
0x000001e7c8a3fc30, 0x000001e7c8a40ca0, 0x000001e7c8a447f0, 0x000001e7c8a45780,
0x000001e7c8a46430, 0x000001e7c8b0a170, 0x000001e7c8c1d6b0, 0x000001e7c8c1cf20,
0x000001e80e9c20f0, 0x000001e80e9c2830, 0x000001e80f316930, 0x000001e80ef92fb0,
0x000001e7c8e779e0, 0x000001e80f122bd0, 0x000001e80e5cedf0, 0x000001e80e722b00,
0x000001e80e7315e0, 0x000001e80f38de40, 0x000001e80f3902d0, 0x000001e80f38f430,
0x000001e80f38d6f0, 0x000001e80f38cfa0
}

Java Threads: ( => current thread )
  0x000001e7a9380580 JavaThread "main"                              [_thread_blocked, id=23396, stack(0x00000069bb000000,0x00000069bb100000) (1024K)]
  0x000001e7c8a397d0 JavaThread "Reference Handler"          daemon [_thread_blocked, id=17604, stack(0x00000069bb800000,0x00000069bb900000) (1024K)]
  0x000001e7c8a3a3d0 JavaThread "Finalizer"                  daemon [_thread_blocked, id=4516, stack(0x00000069bb900000,0x00000069bba00000) (1024K)]
  0x000001e7c8a3cc10 JavaThread "Signal Dispatcher"          daemon [_thread_blocked, id=22916, stack(0x00000069bba00000,0x00000069bbb00000) (1024K)]
=>0x000001e7c8a3fc30 JavaThread "Attach Listener"            daemon [_thread_in_native, id=19200, stack(0x00000069bbb00000,0x00000069bbc00000) (1024K)]
  0x000001e7c8a40ca0 JavaThread "Service Thread"             daemon [_thread_blocked, id=16052, stack(0x00000069bbc00000,0x00000069bbd00000) (1024K)]
  0x000001e7c8a447f0 JavaThread "Monitor Deflation Thread"   daemon [_thread_blocked, id=22812, stack(0x00000069bbd00000,0x00000069bbe00000) (1024K)]
  0x000001e7c8a45780 JavaThread "C2 CompilerThread0"         daemon [_thread_in_native, id=13520, stack(0x00000069bbe00000,0x00000069bbf00000) (1024K)]
  0x000001e7c8a46430 JavaThread "C1 CompilerThread0"         daemon [_thread_blocked, id=1388, stack(0x00000069bbf00000,0x00000069bc000000) (1024K)]
  0x000001e7c8b0a170 JavaThread "Common-Cleaner"             daemon [_thread_blocked, id=24700, stack(0x00000069bc000000,0x00000069bc100000) (1024K)]
  0x000001e7c8c1d6b0 JavaThread "C2 CompilerThread1"         daemon [_thread_blocked, id=26128, stack(0x00000069bc100000,0x00000069bc200000) (1024K)]
  0x000001e7c8c1cf20 JavaThread "C2 CompilerThread2"         daemon [_thread_blocked, id=9820, stack(0x00000069bc200000,0x00000069bc300000) (1024K)]
  0x000001e80e9c20f0 JavaThread "Monitor Ctrl-Break"         daemon [_thread_in_native, id=20604, stack(0x00000069bc300000,0x00000069bc400000) (1024K)]
  0x000001e80e9c2830 JavaThread "Notification Thread"        daemon [_thread_blocked, id=5332, stack(0x00000069bc400000,0x00000069bc500000) (1024K)]
  0x000001e80f316930 JavaThread "QuantumRenderer-0"          daemon [_thread_in_native, id=24196, stack(0x00000069bc500000,0x00000069bc600000) (1024K)]
  0x000001e80ef92fb0 JavaThread "InvokeLaterDispatcher"      daemon [_thread_blocked, id=17208, stack(0x00000069bc600000,0x00000069bc700000) (1024K)]
  0x000001e7c8e779e0 JavaThread "JavaFX Application Thread"         [_thread_in_native, id=7808, stack(0x00000069bc700000,0x00000069bc800000) (1024K)]
  0x000001e80f122bd0 JavaThread "RMI TCP Accept-0"           daemon [_thread_in_native, id=26908, stack(0x00000069bcc00000,0x00000069bcd00000) (1024K)]
  0x000001e80e5cedf0 JavaThread "RMI TCP Connection(1)-10.12.152.4" daemon [_thread_in_native, id=25192, stack(0x00000069bd000000,0x00000069bd100000) (1024K)]
  0x000001e80e722b00 JavaThread "RMI Scheduler(0)"           daemon [_thread_blocked, id=19188, stack(0x00000069bd100000,0x00000069bd200000) (1024K)]
  0x000001e80e7315e0 JavaThread "JMX server connection timeout 35" daemon [_thread_blocked, id=27088, stack(0x00000069bd200000,0x00000069bd300000) (1024K)]
  0x000001e80f38de40 JavaThread "Thread-1"                   daemon [_thread_in_native, id=12064, stack(0x00000069bd400000,0x00000069bd500000) (1024K)]
  0x000001e80f3902d0 JavaThread "JavaFX-Launcher"                   [_thread_blocked, id=24076, stack(0x00000069bd500000,0x00000069bd600000) (1024K)]
  0x000001e80f38f430 JavaThread "Prism Font Disposer"        daemon [_thread_blocked, id=25092, stack(0x00000069bdc00000,0x00000069bdd00000) (1024K)]
  0x000001e80f38d6f0 JavaThread "JFR Recorder Thread"        daemon [_thread_in_native, id=25892, stack(0x00000069bdd00000,0x00000069bde00000) (1024K)]
  0x000001e80f38cfa0 JavaThread "JFR Periodic Tasks"         daemon [_thread_blocked, id=23684, stack(0x00000069bde00000,0x00000069bdf00000) (1024K)]
Total: 26

Other Threads:
  0x000001e7c8a2b310 VMThread "VM Thread"                           [id=24532, stack(0x00000069bb700000,0x00000069bb800000) (1024K)]
  0x000001e7c8a1e040 WatcherThread "VM Periodic Task Thread"        [id=26460, stack(0x00000069bb600000,0x00000069bb700000) (1024K)]
  0x000001e7a93e6f60 WorkerThread "GC Thread#0"                     [id=27044, stack(0x00000069bb100000,0x00000069bb200000) (1024K)]
  0x000001e80f246ab0 WorkerThread "GC Thread#1"                     [id=29212, stack(0x00000069bd600000,0x00000069bd700000) (1024K)]
  0x000001e8154e6a70 WorkerThread "GC Thread#2"                     [id=28168, stack(0x00000069bd700000,0x00000069bd800000) (1024K)]
  0x000001e815815390 WorkerThread "GC Thread#3"                     [id=7436, stack(0x00000069bd800000,0x00000069bd900000) (1024K)]
  0x000001e815814120 WorkerThread "GC Thread#4"                     [id=15732, stack(0x00000069bd900000,0x00000069bda00000) (1024K)]
  0x000001e8158144d0 WorkerThread "GC Thread#5"                     [id=25568, stack(0x00000069bda00000,0x00000069bdb00000) (1024K)]
  0x000001e815814c30 WorkerThread "GC Thread#6"                     [id=11048, stack(0x00000069bdb00000,0x00000069bdc00000) (1024K)]
  0x000001e7a93fbb00 ConcurrentGCThread "G1 Main Marker"            [id=26340, stack(0x00000069bb200000,0x00000069bb300000) (1024K)]
  0x000001e7a93fc610 WorkerThread "G1 Conc#0"                       [id=3024, stack(0x00000069bb300000,0x00000069bb400000) (1024K)]
  0x000001e7a943e9e0 ConcurrentGCThread "G1 Refine#0"               [id=25256, stack(0x00000069bb400000,0x00000069bb500000) (1024K)]
  0x000001e7c88dc830 ConcurrentGCThread "G1 Service"                [id=24140, stack(0x00000069bb500000,0x00000069bb600000) (1024K)]
Total: 13

Threads with active compile tasks:
C2 CompilerThread0  2725 3375   !   4       java.util.zip.InflaterInputStream::read (129 bytes)
Total: 1

VM state: not at safepoint (normal execution)

VM Mutex/Monitor currently owned by a thread: None

Heap address: 0x0000000703c00000, size: 4036 MB, Compressed Oops mode: Zero based, Oop shift amount: 3

CDS archive(s) mapped at: [0x000001e7c9000000-0x000001e7c9d40000-0x000001e7c9d40000), size 13893632, SharedBaseAddress: 0x000001e7c9000000, ArchiveRelocationMode: 1.
Compressed class space mapped at: 0x000001e7ca000000-0x000001e80a000000, reserved size: 1073741824
UseCompressedClassPointers 1, UseCompactObjectHeaders 0
Narrow klass pointer bits 32, Max shift 3
Narrow klass base: 0x000001e7c9000000, Narrow klass shift: 0
Encoding Range: [0x000001e7c9000000 - 0x000001e8c9000000), (4294967296 bytes)
Klass Range:    [0x000001e7c9000000 - 0x000001e80a000000), (1090519040 bytes)
Klass ID Range:  [8 - 1090519033) (1090519025)

GC Precious Log:
 CardTable entry size: 512
 Card Set container configuration: InlinePtr #cards 4 size 8 Array Of Cards #cards 16 size 48 Howl #buckets 8 coarsen threshold 3686 Howl Bitmap #cards 512 size 80 coarsen threshold 460 Card regions per heap region 1 cards per card region 4096
 CPUs: 8 total, 8 available
 Memory: 16137M
 Large Page Support: Disabled
 NUMA Support: Disabled
 Compressed Oops: Enabled (Zero based)
 Heap Region Size: 2M
 Heap Min Capacity: 8M
 Heap Initial Capacity: 254M
 Heap Max Capacity: 4036M
 Pre-touch: Disabled
 Parallel Workers: 8
 Concurrent Workers: 2
 Concurrent Refinement Workers: 8
 Periodic GC: Disabled

Heap:
 garbage-first heap   total reserved 4132864K, committed 262144K, used 70171K [0x0000000703c00000, 0x0000000800000000)
  region size 2048K, 36 young (73728K), 3 survivors (6144K)
 Metaspace       used 20099K, committed 20416K, reserved 1114112K
  class space    used 2688K, committed 2816K, reserved 1048576K

Heap Regions: E=young(eden), S=young(survivor), O=old, HS=humongous(starts), HC=humongous(continues), CS=collection set, F=free, TAMS=top-at-mark-start, PB=parsable bottom
|   0|0x0000000703c00000, 0x0000000703c00000, 0x0000000703e00000|  0%| F|  |TAMS 0x0000000703c00000| PB 0x0000000703c00000| Untracked |  0
|   1|0x0000000703e00000, 0x0000000703e00000, 0x0000000704000000|  0%| F|  |TAMS 0x0000000703e00000| PB 0x0000000703e00000| Untracked |  0
|   2|0x0000000704000000, 0x0000000704000000, 0x0000000704200000|  0%| F|  |TAMS 0x0000000704000000| PB 0x0000000704000000| Untracked |  0
|   3|0x0000000704200000, 0x0000000704200000, 0x0000000704400000|  0%| F|  |TAMS 0x0000000704200000| PB 0x0000000704200000| Untracked |  0
|   4|0x0000000704400000, 0x0000000704400000, 0x0000000704600000|  0%| F|  |TAMS 0x0000000704400000| PB 0x0000000704400000| Untracked |  0
|   5|0x0000000704600000, 0x0000000704600000, 0x0000000704800000|  0%| F|  |TAMS 0x0000000704600000| PB 0x0000000704600000| Untracked |  0
|   6|0x0000000704800000, 0x0000000704800000, 0x0000000704a00000|  0%| F|  |TAMS 0x0000000704800000| PB 0x0000000704800000| Untracked |  0
|   7|0x0000000704a00000, 0x0000000704a00000, 0x0000000704c00000|  0%| F|  |TAMS 0x0000000704a00000| PB 0x0000000704a00000| Untracked |  0
|   8|0x0000000704c00000, 0x0000000704c00000, 0x0000000704e00000|  0%| F|  |TAMS 0x0000000704c00000| PB 0x0000000704c00000| Untracked |  0
|   9|0x0000000704e00000, 0x0000000704e00000, 0x0000000705000000|  0%| F|  |TAMS 0x0000000704e00000| PB 0x0000000704e00000| Untracked |  0
|  10|0x0000000705000000, 0x0000000705000000, 0x0000000705200000|  0%| F|  |TAMS 0x0000000705000000| PB 0x0000000705000000| Untracked |  0
|  11|0x0000000705200000, 0x0000000705200000, 0x0000000705400000|  0%| F|  |TAMS 0x0000000705200000| PB 0x0000000705200000| Untracked |  0
|  12|0x0000000705400000, 0x0000000705400000, 0x0000000705600000|  0%| F|  |TAMS 0x0000000705400000| PB 0x0000000705400000| Untracked |  0
|  13|0x0000000705600000, 0x0000000705600000, 0x0000000705800000|  0%| F|  |TAMS 0x0000000705600000| PB 0x0000000705600000| Untracked |  0
|  14|0x0000000705800000, 0x0000000705800000, 0x0000000705a00000|  0%| F|  |TAMS 0x0000000705800000| PB 0x0000000705800000| Untracked |  0
|  15|0x0000000705a00000, 0x0000000705a00000, 0x0000000705c00000|  0%| F|  |TAMS 0x0000000705a00000| PB 0x0000000705a00000| Untracked |  0
|  16|0x0000000705c00000, 0x0000000705c00000, 0x0000000705e00000|  0%| F|  |TAMS 0x0000000705c00000| PB 0x0000000705c00000| Untracked |  0
|  17|0x0000000705e00000, 0x0000000705e00000, 0x0000000706000000|  0%| F|  |TAMS 0x0000000705e00000| PB 0x0000000705e00000| Untracked |  0
|  18|0x0000000706000000, 0x0000000706000000, 0x0000000706200000|  0%| F|  |TAMS 0x0000000706000000| PB 0x0000000706000000| Untracked |  0
|  19|0x0000000706200000, 0x0000000706200000, 0x0000000706400000|  0%| F|  |TAMS 0x0000000706200000| PB 0x0000000706200000| Untracked |  0
|  20|0x0000000706400000, 0x0000000706400000, 0x0000000706600000|  0%| F|  |TAMS 0x0000000706400000| PB 0x0000000706400000| Untracked |  0
|  21|0x0000000706600000, 0x0000000706600000, 0x0000000706800000|  0%| F|  |TAMS 0x0000000706600000| PB 0x0000000706600000| Untracked |  0
|  22|0x0000000706800000, 0x0000000706800000, 0x0000000706a00000|  0%| F|  |TAMS 0x0000000706800000| PB 0x0000000706800000| Untracked |  0
|  23|0x0000000706a00000, 0x0000000706a00000, 0x0000000706c00000|  0%| F|  |TAMS 0x0000000706a00000| PB 0x0000000706a00000| Untracked |  0
|  24|0x0000000706c00000, 0x0000000706c00000, 0x0000000706e00000|  0%| F|  |TAMS 0x0000000706c00000| PB 0x0000000706c00000| Untracked |  0
|  25|0x0000000706e00000, 0x0000000706e00000, 0x0000000707000000|  0%| F|  |TAMS 0x0000000706e00000| PB 0x0000000706e00000| Untracked |  0
|  26|0x0000000707000000, 0x0000000707000000, 0x0000000707200000|  0%| F|  |TAMS 0x0000000707000000| PB 0x0000000707000000| Untracked |  0
|  27|0x0000000707200000, 0x0000000707200000, 0x0000000707400000|  0%| F|  |TAMS 0x0000000707200000| PB 0x0000000707200000| Untracked |  0
|  28|0x0000000707400000, 0x0000000707400000, 0x0000000707600000|  0%| F|  |TAMS 0x0000000707400000| PB 0x0000000707400000| Untracked |  0
|  29|0x0000000707600000, 0x0000000707600000, 0x0000000707800000|  0%| F|  |TAMS 0x0000000707600000| PB 0x0000000707600000| Untracked |  0
|  30|0x0000000707800000, 0x0000000707800000, 0x0000000707a00000|  0%| F|  |TAMS 0x0000000707800000| PB 0x0000000707800000| Untracked |  0
|  31|0x0000000707a00000, 0x0000000707a00000, 0x0000000707c00000|  0%| F|  |TAMS 0x0000000707a00000| PB 0x0000000707a00000| Untracked |  0
|  32|0x0000000707c00000, 0x0000000707c00000, 0x0000000707e00000|  0%| F|  |TAMS 0x0000000707c00000| PB 0x0000000707c00000| Untracked |  0
|  33|0x0000000707e00000, 0x0000000707e00000, 0x0000000708000000|  0%| F|  |TAMS 0x0000000707e00000| PB 0x0000000707e00000| Untracked |  0
|  34|0x0000000708000000, 0x0000000708000000, 0x0000000708200000|  0%| F|  |TAMS 0x0000000708000000| PB 0x0000000708000000| Untracked |  0
|  35|0x0000000708200000, 0x0000000708200000, 0x0000000708400000|  0%| F|  |TAMS 0x0000000708200000| PB 0x0000000708200000| Untracked |  0
|  36|0x0000000708400000, 0x0000000708400000, 0x0000000708600000|  0%| F|  |TAMS 0x0000000708400000| PB 0x0000000708400000| Untracked |  0
|  37|0x0000000708600000, 0x0000000708600000, 0x0000000708800000|  0%| F|  |TAMS 0x0000000708600000| PB 0x0000000708600000| Untracked |  0
|  38|0x0000000708800000, 0x0000000708800000, 0x0000000708a00000|  0%| F|  |TAMS 0x0000000708800000| PB 0x0000000708800000| Untracked |  0
|  39|0x0000000708a00000, 0x0000000708a00000, 0x0000000708c00000|  0%| F|  |TAMS 0x0000000708a00000| PB 0x0000000708a00000| Untracked |  0
|  40|0x0000000708c00000, 0x0000000708c00000, 0x0000000708e00000|  0%| F|  |TAMS 0x0000000708c00000| PB 0x0000000708c00000| Untracked |  0
|  41|0x0000000708e00000, 0x0000000708e00000, 0x0000000709000000|  0%| F|  |TAMS 0x0000000708e00000| PB 0x0000000708e00000| Untracked |  0
|  42|0x0000000709000000, 0x0000000709000000, 0x0000000709200000|  0%| F|  |TAMS 0x0000000709000000| PB 0x0000000709000000| Untracked |  0
|  43|0x0000000709200000, 0x0000000709200000, 0x0000000709400000|  0%| F|  |TAMS 0x0000000709200000| PB 0x0000000709200000| Untracked |  0
|  44|0x0000000709400000, 0x0000000709400000, 0x0000000709600000|  0%| F|  |TAMS 0x0000000709400000| PB 0x0000000709400000| Untracked |  0
|  45|0x0000000709600000, 0x0000000709600000, 0x0000000709800000|  0%| F|  |TAMS 0x0000000709600000| PB 0x0000000709600000| Untracked |  0
|  46|0x0000000709800000, 0x0000000709800000, 0x0000000709a00000|  0%| F|  |TAMS 0x0000000709800000| PB 0x0000000709800000| Untracked |  0
|  47|0x0000000709a00000, 0x0000000709a00000, 0x0000000709c00000|  0%| F|  |TAMS 0x0000000709a00000| PB 0x0000000709a00000| Untracked |  0
|  48|0x0000000709c00000, 0x0000000709c00000, 0x0000000709e00000|  0%| F|  |TAMS 0x0000000709c00000| PB 0x0000000709c00000| Untracked |  0
|  49|0x0000000709e00000, 0x0000000709e00000, 0x000000070a000000|  0%| F|  |TAMS 0x0000000709e00000| PB 0x0000000709e00000| Untracked |  0
|  50|0x000000070a000000, 0x000000070a000000, 0x000000070a200000|  0%| F|  |TAMS 0x000000070a000000| PB 0x000000070a000000| Untracked |  0
|  51|0x000000070a200000, 0x000000070a200000, 0x000000070a400000|  0%| F|  |TAMS 0x000000070a200000| PB 0x000000070a200000| Untracked |  0
|  52|0x000000070a400000, 0x000000070a400000, 0x000000070a600000|  0%| F|  |TAMS 0x000000070a400000| PB 0x000000070a400000| Untracked |  0
|  53|0x000000070a600000, 0x000000070a600000, 0x000000070a800000|  0%| F|  |TAMS 0x000000070a600000| PB 0x000000070a600000| Untracked |  0
|  54|0x000000070a800000, 0x000000070a800000, 0x000000070aa00000|  0%| F|  |TAMS 0x000000070a800000| PB 0x000000070a800000| Untracked |  0
|  55|0x000000070aa00000, 0x000000070aa00000, 0x000000070ac00000|  0%| F|  |TAMS 0x000000070aa00000| PB 0x000000070aa00000| Untracked |  0
|  56|0x000000070ac00000, 0x000000070ac00000, 0x000000070ae00000|  0%| F|  |TAMS 0x000000070ac00000| PB 0x000000070ac00000| Untracked |  0
|  57|0x000000070ae00000, 0x000000070ae00000, 0x000000070b000000|  0%| F|  |TAMS 0x000000070ae00000| PB 0x000000070ae00000| Untracked |  0
|  58|0x000000070b000000, 0x000000070b000000, 0x000000070b200000|  0%| F|  |TAMS 0x000000070b000000| PB 0x000000070b000000| Untracked |  0
|  59|0x000000070b200000, 0x000000070b200000, 0x000000070b400000|  0%| F|  |TAMS 0x000000070b200000| PB 0x000000070b200000| Untracked |  0
|  60|0x000000070b400000, 0x000000070b400000, 0x000000070b600000|  0%| F|  |TAMS 0x000000070b400000| PB 0x000000070b400000| Untracked |  0
|  61|0x000000070b600000, 0x000000070b600000, 0x000000070b800000|  0%| F|  |TAMS 0x000000070b600000| PB 0x000000070b600000| Untracked |  0
|  62|0x000000070b800000, 0x000000070b800000, 0x000000070ba00000|  0%| F|  |TAMS 0x000000070b800000| PB 0x000000070b800000| Untracked |  0
|  63|0x000000070ba00000, 0x000000070ba00000, 0x000000070bc00000|  0%| F|  |TAMS 0x000000070ba00000| PB 0x000000070ba00000| Untracked |  0
|  64|0x000000070bc00000, 0x000000070bc00000, 0x000000070be00000|  0%| F|  |TAMS 0x000000070bc00000| PB 0x000000070bc00000| Untracked |  0
|  65|0x000000070be00000, 0x000000070be00000, 0x000000070c000000|  0%| F|  |TAMS 0x000000070be00000| PB 0x000000070be00000| Untracked |  0
|  66|0x000000070c000000, 0x000000070c000000, 0x000000070c200000|  0%| F|  |TAMS 0x000000070c000000| PB 0x000000070c000000| Untracked |  0
|  67|0x000000070c200000, 0x000000070c200000, 0x000000070c400000|  0%| F|  |TAMS 0x000000070c200000| PB 0x000000070c200000| Untracked |  0
|  68|0x000000070c400000, 0x000000070c400000, 0x000000070c600000|  0%| F|  |TAMS 0x000000070c400000| PB 0x000000070c400000| Untracked |  0
|  69|0x000000070c600000, 0x000000070c600000, 0x000000070c800000|  0%| F|  |TAMS 0x000000070c600000| PB 0x000000070c600000| Untracked |  0
|  70|0x000000070c800000, 0x000000070c800000, 0x000000070ca00000|  0%| F|  |TAMS 0x000000070c800000| PB 0x000000070c800000| Untracked |  0
|  71|0x000000070ca00000, 0x000000070ca00000, 0x000000070cc00000|  0%| F|  |TAMS 0x000000070ca00000| PB 0x000000070ca00000| Untracked |  0
|  72|0x000000070cc00000, 0x000000070cc00000, 0x000000070ce00000|  0%| F|  |TAMS 0x000000070cc00000| PB 0x000000070cc00000| Untracked |  0
|  73|0x000000070ce00000, 0x000000070ce00000, 0x000000070d000000|  0%| F|  |TAMS 0x000000070ce00000| PB 0x000000070ce00000| Untracked |  0
|  74|0x000000070d000000, 0x000000070d000000, 0x000000070d200000|  0%| F|  |TAMS 0x000000070d000000| PB 0x000000070d000000| Untracked |  0
|  75|0x000000070d200000, 0x000000070d200000, 0x000000070d400000|  0%| F|  |TAMS 0x000000070d200000| PB 0x000000070d200000| Untracked |  0
|  76|0x000000070d400000, 0x000000070d400000, 0x000000070d600000|  0%| F|  |TAMS 0x000000070d400000| PB 0x000000070d400000| Untracked |  0
|  77|0x000000070d600000, 0x000000070d600000, 0x000000070d800000|  0%| F|  |TAMS 0x000000070d600000| PB 0x000000070d600000| Untracked |  0
|  78|0x000000070d800000, 0x000000070d800000, 0x000000070da00000|  0%| F|  |TAMS 0x000000070d800000| PB 0x000000070d800000| Untracked |  0
|  79|0x000000070da00000, 0x000000070da00000, 0x000000070dc00000|  0%| F|  |TAMS 0x000000070da00000| PB 0x000000070da00000| Untracked |  0
|  80|0x000000070dc00000, 0x000000070dc00000, 0x000000070de00000|  0%| F|  |TAMS 0x000000070dc00000| PB 0x000000070dc00000| Untracked |  0
|  81|0x000000070de00000, 0x000000070de00000, 0x000000070e000000|  0%| F|  |TAMS 0x000000070de00000| PB 0x000000070de00000| Untracked |  0
|  82|0x000000070e000000, 0x000000070e000000, 0x000000070e200000|  0%| F|  |TAMS 0x000000070e000000| PB 0x000000070e000000| Untracked |  0
|  83|0x000000070e200000, 0x000000070e200000, 0x000000070e400000|  0%| F|  |TAMS 0x000000070e200000| PB 0x000000070e200000| Untracked |  0
|  84|0x000000070e400000, 0x000000070e400000, 0x000000070e600000|  0%| F|  |TAMS 0x000000070e400000| PB 0x000000070e400000| Untracked |  0
|  85|0x000000070e600000, 0x000000070e600000, 0x000000070e800000|  0%| F|  |TAMS 0x000000070e600000| PB 0x000000070e600000| Untracked |  0
|  86|0x000000070e800000, 0x000000070e800000, 0x000000070ea00000|  0%| F|  |TAMS 0x000000070e800000| PB 0x000000070e800000| Untracked |  0
|  87|0x000000070ea00000, 0x000000070ea00000, 0x000000070ec00000|  0%| F|  |TAMS 0x000000070ea00000| PB 0x000000070ea00000| Untracked |  0
|  88|0x000000070ec00000, 0x000000070ec00000, 0x000000070ee00000|  0%| F|  |TAMS 0x000000070ec00000| PB 0x000000070ec00000| Untracked |  0
|  89|0x000000070ee00000, 0x000000070ee00000, 0x000000070f000000|  0%| F|  |TAMS 0x000000070ee00000| PB 0x000000070ee00000| Untracked |  0
|  90|0x000000070f000000, 0x000000070f000000, 0x000000070f200000|  0%| F|  |TAMS 0x000000070f000000| PB 0x000000070f000000| Untracked |  0
|  91|0x000000070f200000, 0x000000070f400000, 0x000000070f400000|100%| E|  |TAMS 0x000000070f200000| PB 0x000000070f200000| Complete |  0
|  92|0x000000070f400000, 0x000000070f600000, 0x000000070f600000|100%| E|CS|TAMS 0x000000070f400000| PB 0x000000070f400000| Complete |  0
|  93|0x000000070f600000, 0x000000070f800000, 0x000000070f800000|100%| E|CS|TAMS 0x000000070f600000| PB 0x000000070f600000| Complete |  0
|  94|0x000000070f800000, 0x000000070fa00000, 0x000000070fa00000|100%| E|CS|TAMS 0x000000070f800000| PB 0x000000070f800000| Complete |  0
|  95|0x000000070fa00000, 0x000000070fc00000, 0x000000070fc00000|100%| E|CS|TAMS 0x000000070fa00000| PB 0x000000070fa00000| Complete |  0
|  96|0x000000070fc00000, 0x000000070fe00000, 0x000000070fe00000|100%| E|CS|TAMS 0x000000070fc00000| PB 0x000000070fc00000| Complete |  0
|  97|0x000000070fe00000, 0x0000000710000000, 0x0000000710000000|100%| E|CS|TAMS 0x000000070fe00000| PB 0x000000070fe00000| Complete |  0
|  98|0x0000000710000000, 0x0000000710200000, 0x0000000710200000|100%| E|CS|TAMS 0x0000000710000000| PB 0x0000000710000000| Complete |  0
|  99|0x0000000710200000, 0x0000000710400000, 0x0000000710400000|100%| E|  |TAMS 0x0000000710200000| PB 0x0000000710200000| Complete |  0
| 100|0x0000000710400000, 0x000000071056aa50, 0x0000000710600000| 70%| S|CS|TAMS 0x0000000710400000| PB 0x0000000710400000| Complete |  0
| 101|0x0000000710600000, 0x0000000710800000, 0x0000000710800000|100%| S|CS|TAMS 0x0000000710600000| PB 0x0000000710600000| Complete |  1
| 102|0x0000000710800000, 0x0000000710a00000, 0x0000000710a00000|100%| S|CS|TAMS 0x0000000710800000| PB 0x0000000710800000| Complete |  0
| 103|0x0000000710a00000, 0x0000000710c00000, 0x0000000710c00000|100%| E|CS|TAMS 0x0000000710a00000| PB 0x0000000710a00000| Complete |  0
| 104|0x0000000710c00000, 0x0000000710e00000, 0x0000000710e00000|100%| E|CS|TAMS 0x0000000710c00000| PB 0x0000000710c00000| Complete |  0
| 105|0x0000000710e00000, 0x0000000711000000, 0x0000000711000000|100%| E|CS|TAMS 0x0000000710e00000| PB 0x0000000710e00000| Complete |  0
| 106|0x0000000711000000, 0x0000000711200000, 0x0000000711200000|100%| E|CS|TAMS 0x0000000711000000| PB 0x0000000711000000| Complete |  0
| 107|0x0000000711200000, 0x0000000711400000, 0x0000000711400000|100%| E|CS|TAMS 0x0000000711200000| PB 0x0000000711200000| Complete |  0
| 108|0x0000000711400000, 0x0000000711600000, 0x0000000711600000|100%| E|CS|TAMS 0x0000000711400000| PB 0x0000000711400000| Complete |  0
| 109|0x0000000711600000, 0x0000000711800000, 0x0000000711800000|100%| E|CS|TAMS 0x0000000711600000| PB 0x0000000711600000| Complete |  0
| 110|0x0000000711800000, 0x0000000711a00000, 0x0000000711a00000|100%| E|CS|TAMS 0x0000000711800000| PB 0x0000000711800000| Complete |  0
| 111|0x0000000711a00000, 0x0000000711c00000, 0x0000000711c00000|100%| E|CS|TAMS 0x0000000711a00000| PB 0x0000000711a00000| Complete |  0
| 112|0x0000000711c00000, 0x0000000711e00000, 0x0000000711e00000|100%| E|CS|TAMS 0x0000000711c00000| PB 0x0000000711c00000| Complete |  0
| 113|0x0000000711e00000, 0x0000000712000000, 0x0000000712000000|100%| E|CS|TAMS 0x0000000711e00000| PB 0x0000000711e00000| Complete |  0
| 114|0x0000000712000000, 0x0000000712200000, 0x0000000712200000|100%| E|CS|TAMS 0x0000000712000000| PB 0x0000000712000000| Complete |  0
| 115|0x0000000712200000, 0x0000000712400000, 0x0000000712400000|100%| E|CS|TAMS 0x0000000712200000| PB 0x0000000712200000| Complete |  0
| 116|0x0000000712400000, 0x0000000712600000, 0x0000000712600000|100%| E|CS|TAMS 0x0000000712400000| PB 0x0000000712400000| Complete |  0
| 117|0x0000000712600000, 0x0000000712800000, 0x0000000712800000|100%| E|CS|TAMS 0x0000000712600000| PB 0x0000000712600000| Complete |  0
| 118|0x0000000712800000, 0x0000000712a00000, 0x0000000712a00000|100%| E|CS|TAMS 0x0000000712800000| PB 0x0000000712800000| Complete |  0
| 119|0x0000000712a00000, 0x0000000712c00000, 0x0000000712c00000|100%| E|CS|TAMS 0x0000000712a00000| PB 0x0000000712a00000| Complete |  0
| 120|0x0000000712c00000, 0x0000000712e00000, 0x0000000712e00000|100%| E|CS|TAMS 0x0000000712c00000| PB 0x0000000712c00000| Complete |  0
| 121|0x0000000712e00000, 0x0000000713000000, 0x0000000713000000|100%| E|CS|TAMS 0x0000000712e00000| PB 0x0000000712e00000| Complete |  0
| 122|0x0000000713000000, 0x0000000713200000, 0x0000000713200000|100%| E|CS|TAMS 0x0000000713000000| PB 0x0000000713000000| Complete |  0
| 123|0x0000000713200000, 0x0000000713400000, 0x0000000713400000|100%| E|CS|TAMS 0x0000000713200000| PB 0x0000000713200000| Complete |  0
| 124|0x0000000713400000, 0x0000000713600000, 0x0000000713600000|100%| E|CS|TAMS 0x0000000713400000| PB 0x0000000713400000| Complete |  0
| 125|0x0000000713600000, 0x0000000713800000, 0x0000000713800000|100%| E|CS|TAMS 0x0000000713600000| PB 0x0000000713600000| Complete |  0
| 126|0x0000000713800000, 0x0000000713a00000, 0x0000000713a00000|100%| E|CS|TAMS 0x0000000713800000| PB 0x0000000713800000| Complete |  0
|2017|0x00000007ffe00000, 0x00000007fff1c288, 0x0000000800000000| 55%| O|  |TAMS 0x00000007ffe00000| PB 0x00000007ffe00000| Untracked |  0

Card table byte_map: [0x000001e7c1850000,0x000001e7c2040000] _byte_map_base: 0x000001e7be032000

Marking Bits: (CMBitMap*) 0x000001e7a93e7670
 Bits: [0x000001e7c2040000, 0x000001e7c5f50000)

Polling page: 0x000001e7a8b50000

Metaspace:

Usage:
  Non-class:     17.00 MB used.
      Class:      2.63 MB used.
       Both:     19.63 MB used.

Virtual space:
  Non-class space:       64.00 MB reserved,      17.19 MB ( 27%) committed,  1 nodes.
      Class space:        1.00 GB reserved,       2.75 MB ( <1%) committed,  1 nodes.
             Both:        1.06 GB reserved,      19.94 MB (  2%) committed. 

Chunk freelists:
   Non-Class:  14.87 MB
       Class:  13.12 MB
        Both:  28.00 MB

MaxMetaspaceSize: unlimited
CompressedClassSpaceSize: 1.00 GB
Initial GC threshold: 21.00 MB
Current GC threshold: 21.00 MB
CDS: on
 - commit_granule_bytes: 65536.
 - commit_granule_words: 8192.
 - virtual_space_node_default_size: 8388608.
 - enlarge_chunks_in_place: 1.
UseCompressedClassPointers 1, UseCompactObjectHeaders 0
Narrow klass pointer bits 32, Max shift 3
Narrow klass base: 0x000001e7c9000000, Narrow klass shift: 0
Encoding Range: [0x000001e7c9000000 - 0x000001e8c9000000), (4294967296 bytes)
Klass Range:    [0x000001e7c9000000 - 0x000001e80a000000), (1090519040 bytes)
Klass ID Range:  [8 - 1090519033) (1090519025)


Internal statistics:

num_allocs_failed_limit: 0.
num_arena_births: 254.
num_arena_deaths: 0.
num_vsnodes_births: 2.
num_vsnodes_deaths: 0.
num_space_committed: 319.
num_space_uncommitted: 0.
num_chunks_returned_to_freelist: 0.
num_chunks_taken_from_freelist: 765.
num_chunk_merges: 0.
num_chunk_splits: 525.
num_chunks_enlarged: 404.
num_inconsistent_stats: 0.

CodeHeap 'non-profiled nmethods': size=120064Kb used=1463Kb max_used=1463Kb free=118600Kb
 bounds [0x000001e7b96e0000, 0x000001e7b9950000, 0x000001e7c0c20000]
CodeHeap 'profiled nmethods': size=120000Kb used=5445Kb max_used=5445Kb free=114555Kb
 bounds [0x000001e7b1c20000, 0x000001e7b2180000, 0x000001e7b9150000]
CodeHeap 'non-nmethods': size=5696Kb used=1662Kb max_used=1716Kb free=4033Kb
 bounds [0x000001e7b9150000, 0x000001e7b93c0000, 0x000001e7b96e0000]
CodeCache: size=245760Kb, used=8570Kb, max_used=8624Kb, free=237188Kb
 total_blobs=4206, nmethods=3381, adapters=729, full_count=0
Compilation: enabled, stopped_count=0, restarted_count=0

Compilation events (20 events):
Event: 2.320 Thread 0x000001e7c8a46430 2976       3       jdk.internal.classfile.impl.Util::paramSlotSize (13 bytes)
Event: 2.320 Thread 0x000001e7c8a46430 nmethod 2976 0x000001e7b20b8008 code [0x000001e7b20b8140, 0x000001e7b20b8378]
Event: 2.321 Thread 0x000001e7c8a46430 2977   !   3       java.lang.invoke.LambdaForm::compileToBytecode (164 bytes)
Event: 2.322 Thread 0x000001e7c8a46430 nmethod 2977 0x000001e7b20b8408 code [0x000001e7b20b8600, 0x000001e7b20b8f40]
Event: 2.325 Thread 0x000001e7c8a46430 2978       3       com.sun.javafx.scene.NodeHelper::markDirtyImpl (11 bytes)
Event: 2.326 Thread 0x000001e7c8a46430 nmethod 2978 0x000001e7b20b9008 code [0x000001e7b20b9180, 0x000001e7b20b9630]
Event: 2.326 Thread 0x000001e7c8a46430 2979       3       javafx.scene.Node$1::doMarkDirty (6 bytes)
Event: 2.327 Thread 0x000001e7c8a46430 nmethod 2979 0x000001e7b20b9688 code [0x000001e7b20b9820, 0x000001e7b20ba1c0]
Event: 2.327 Thread 0x000001e7c8a46430 2982       3       com.sun.javafx.scene.NodeHelper::geomChangedImpl (10 bytes)
Event: 2.327 Thread 0x000001e7c8a46430 nmethod 2982 0x000001e7b20ba288 code [0x000001e7b20ba3c0, 0x000001e7b20ba5b0]
Event: 2.327 Thread 0x000001e7c8a46430 2983       3       javafx.scene.Node$1::doGeomChanged (5 bytes)
Event: 2.327 Thread 0x000001e7c8a46430 nmethod 2983 0x000001e7b20ba608 code [0x000001e7b20ba720, 0x000001e7b20ba860]
Event: 2.327 Thread 0x000001e7c8a46430 2984       3       javafx.scene.Node::doGeomChanged (45 bytes)
Event: 2.328 Thread 0x000001e7c8a46430 nmethod 2984 0x000001e7b20ba908 code [0x000001e7b20bab40, 0x000001e7b20bbbb8]
Event: 2.328 Thread 0x000001e7c8a46430 2985       3       com.sun.javafx.scene.NodeHelper::notifyLayoutBoundsChanged (9 bytes)
Event: 2.329 Thread 0x000001e7c8a46430 nmethod 2985 0x000001e7b20bbc88 code [0x000001e7b20bbdc0, 0x000001e7b20bc090]
Event: 2.329 Thread 0x000001e7c8a46430 2981       3       javafx.scene.Node::pseudoClassStateChanged (59 bytes)
Event: 2.329 Thread 0x000001e7c8a46430 nmethod 2981 0x000001e7b20bc108 code [0x000001e7b20bc280, 0x000001e7b20bc868]
Event: 2.329 Thread 0x000001e7c8a46430 2980       3       javafx.beans.property.ReadOnlyObjectPropertyBase::<init> (5 bytes)
Event: 2.330 Thread 0x000001e7c8a46430 nmethod 2980 0x000001e7b20bc908 code [0x000001e7b20bca20, 0x000001e7b20bcc40]

GC Heap History (2 events):
Event: 1.316 GC heap before
{Heap before GC invocations=0 (full 0):
 garbage-first heap   total reserved 4132864K, committed 262144K, used 48240K [0x0000000703c00000, 0x0000000800000000)
  region size 2048K, 24 young (49152K), 0 survivors (0K)
 Metaspace       used 10566K, committed 10816K, reserved 1114112K
  class space    used 1013K, committed 1152K, reserved 1048576K
}
Event: 1.328 GC heap after
{Heap after GC invocations=1 (full 0):
 garbage-first heap   total reserved 4132864K, committed 262144K, used 6683K [0x0000000703c00000, 0x0000000800000000)
  region size 2048K, 3 young (6144K), 3 survivors (6144K)
 Metaspace       used 10566K, committed 10816K, reserved 1114112K
  class space    used 1013K, committed 1152K, reserved 1048576K
}

Dll operation events (20 events):
Event: 0.447 Loaded shared library C:\Users\nathf_fzn2ofq\javafx-sdk-24.0.1\bin\api-ms-win-crt-locale-l1-1-0.dll
Event: 0.450 Loaded shared library C:\Users\nathf_fzn2ofq\javafx-sdk-24.0.1\bin\api-ms-win-crt-math-l1-1-0.dll
Event: 0.453 Loaded shared library C:\Users\nathf_fzn2ofq\javafx-sdk-24.0.1\bin\api-ms-win-crt-multibyte-l1-1-0.dll
Event: 0.455 Loaded shared library C:\Users\nathf_fzn2ofq\javafx-sdk-24.0.1\bin\api-ms-win-crt-private-l1-1-0.dll
Event: 0.457 Loaded shared library C:\Users\nathf_fzn2ofq\javafx-sdk-24.0.1\bin\api-ms-win-crt-process-l1-1-0.dll
Event: 0.459 Loaded shared library C:\Users\nathf_fzn2ofq\javafx-sdk-24.0.1\bin\api-ms-win-crt-runtime-l1-1-0.dll
Event: 0.463 Loaded shared library C:\Users\nathf_fzn2ofq\javafx-sdk-24.0.1\bin\api-ms-win-crt-stdio-l1-1-0.dll
Event: 0.471 Loaded shared library C:\Users\nathf_fzn2ofq\javafx-sdk-24.0.1\bin\api-ms-win-crt-string-l1-1-0.dll
Event: 0.474 Loaded shared library C:\Users\nathf_fzn2ofq\javafx-sdk-24.0.1\bin\api-ms-win-crt-time-l1-1-0.dll
Event: 0.477 Loaded shared library C:\Users\nathf_fzn2ofq\javafx-sdk-24.0.1\bin\api-ms-win-crt-utility-l1-1-0.dll
Event: 0.480 Loaded shared library C:\Users\nathf_fzn2ofq\javafx-sdk-24.0.1\bin\ucrtbase.dll
Event: 0.484 Loaded shared library C:\Users\nathf_fzn2ofq\javafx-sdk-24.0.1\bin\vcruntime140.dll
Event: 0.487 Loaded shared library C:\Users\nathf_fzn2ofq\javafx-sdk-24.0.1\bin\vcruntime140_1.dll
Event: 0.489 Loaded shared library C:\Users\nathf_fzn2ofq\javafx-sdk-24.0.1\bin\msvcp140.dll
Event: 0.492 Loaded shared library C:\Users\nathf_fzn2ofq\javafx-sdk-24.0.1\bin\msvcp140_1.dll
Event: 0.496 Loaded shared library C:\Users\nathf_fzn2ofq\javafx-sdk-24.0.1\bin\msvcp140_2.dll
Event: 0.563 Loaded shared library C:\Users\nathf_fzn2ofq\javafx-sdk-24.0.1\bin\prism_d3d.dll
Event: 0.632 Loaded shared library C:\Users\nathf_fzn2ofq\javafx-sdk-24.0.1\bin\glass.dll
Event: 1.609 Loaded shared library C:\Users\nathf_fzn2ofq\javafx-sdk-24.0.1\bin\javafx_font.dll
Event: 1.943 Loaded shared library C:\Users\nathf_fzn2ofq\AppData\Local\Temp\idea_libasyncProfiler_dll_temp_folder\libasyncProfiler.dll

Deoptimization events (20 events):
Event: 2.125 Thread 0x000001e7c8a3fc30 DEOPT PACKING pc=0x000001e7b97d759c sp=0x00000069bbbfe110
Event: 2.125 Thread 0x000001e7c8a3fc30 DEOPT UNPACKING pc=0x000001e7b9264102 sp=0x00000069bbbfe0b8 mode 2
Event: 2.139 Thread 0x000001e7c8e779e0 Uncommon trap: trap_request=0xffffff4d fr.pc=0x000001e7b97bde98 relative=0x00000000000001f8
Event: 2.139 Thread 0x000001e7c8e779e0 Uncommon trap: reason=unstable_if action=reinterpret pc=0x000001e7b97bde98 method=java.io.ByteArrayInputStream.read()I @ 8 c2
Event: 2.139 Thread 0x000001e7c8e779e0 DEOPT PACKING pc=0x000001e7b97bde98 sp=0x00000069bc7fba50
Event: 2.139 Thread 0x000001e7c8e779e0 DEOPT UNPACKING pc=0x000001e7b9264102 sp=0x00000069bc7fb9f8 mode 2
Event: 2.161 Thread 0x000001e7c8a3fc30 Uncommon trap: trap_request=0xffffff4d fr.pc=0x000001e7b9809980 relative=0x0000000000003fe0
Event: 2.161 Thread 0x000001e7c8a3fc30 Uncommon trap: reason=unstable_if action=reinterpret pc=0x000001e7b9809980 method=jdk.internal.classfile.impl.StackMapGenerator.processBlock(Ljdk/internal/classfile/impl/RawBytecodeHelper;)Z @ 56 c2
Event: 2.161 Thread 0x000001e7c8a3fc30 DEOPT PACKING pc=0x000001e7b9809980 sp=0x00000069bbbfd1d0
Event: 2.161 Thread 0x000001e7c8a3fc30 DEOPT UNPACKING pc=0x000001e7b9264102 sp=0x00000069bbbfd148 mode 2
Event: 2.216 Thread 0x000001e7c8e779e0 Uncommon trap: trap_request=0xffffff4d fr.pc=0x000001e7b975e5c0 relative=0x0000000000000040
Event: 2.216 Thread 0x000001e7c8e779e0 Uncommon trap: reason=unstable_if action=reinterpret pc=0x000001e7b975e5c0 method=java.lang.reflect.Modifier.isProtected(I)Z @ 3 c2
Event: 2.216 Thread 0x000001e7c8e779e0 DEOPT PACKING pc=0x000001e7b975e5c0 sp=0x00000069bc7fc820
Event: 2.216 Thread 0x000001e7c8e779e0 DEOPT UNPACKING pc=0x000001e7b9264102 sp=0x00000069bc7fc7b0 mode 2
Event: 2.221 Thread 0x000001e7c8a3fc30 DEOPT PACKING pc=0x000001e7b1fc66f9 sp=0x00000069bbbfe4a0
Event: 2.221 Thread 0x000001e7c8a3fc30 DEOPT UNPACKING pc=0x000001e7b91a5722 sp=0x00000069bbbfd8f0 mode 0
Event: 2.304 Thread 0x000001e7c8e779e0 Uncommon trap: trap_request=0xffffffde fr.pc=0x000001e7b9780ea8 relative=0x0000000000000608
Event: 2.304 Thread 0x000001e7c8e779e0 Uncommon trap: reason=class_check action=maybe_recompile pc=0x000001e7b9780ea8 method=java.util.regex.Pattern$BmpCharPropertyGreedy.match(Ljava/util/regex/Matcher;ILjava/lang/CharSequence;)Z @ 26 c2
Event: 2.304 Thread 0x000001e7c8e779e0 DEOPT PACKING pc=0x000001e7b9780ea8 sp=0x00000069bc7fce60
Event: 2.305 Thread 0x000001e7c8e779e0 DEOPT UNPACKING pc=0x000001e7b9264102 sp=0x00000069bc7fcd28 mode 2

Classes loaded (20 events):
Event: 2.179 Loading class jdk/jfr/internal/MetadataWriter
Event: 2.180 Loading class jdk/jfr/internal/MetadataWriter done
Event: 2.180 Loading class jdk/jfr/internal/MetadataDescriptor$Element
Event: 2.180 Loading class jdk/jfr/internal/MetadataDescriptor$Element done
Event: 2.180 Loading class jdk/jfr/internal/MetadataDescriptor$Attribute
Event: 2.180 Loading class jdk/jfr/internal/MetadataDescriptor$Attribute done
Event: 2.203 Loading class jdk/jfr/internal/consumer/StringParser$Encoding
Event: 2.203 Loading class jdk/jfr/internal/consumer/StringParser$Encoding done
Event: 2.218 Loading class jdk/jfr/internal/consumer/RepositoryFiles
Event: 2.218 Loading class jdk/jfr/internal/consumer/RepositoryFiles done
Event: 2.220 Loading class jdk/jfr/internal/SettingsManager$InternalSetting
Event: 2.220 Loading class jdk/jfr/internal/SettingsManager$InternalSetting done
Event: 2.222 Loading class jdk/jfr/internal/util/Rate
Event: 2.222 Loading class jdk/jfr/internal/util/Rate done
Event: 2.222 Loading class jdk/jfr/internal/util/TimespanUnit
Event: 2.223 Loading class jdk/jfr/internal/util/TimespanUnit done
Event: 2.223 Loading class jdk/jfr/internal/util/ValueParser
Event: 2.223 Loading class jdk/jfr/internal/util/ValueParser done
Event: 2.225 Loading class jdk/jfr/internal/periodic/PeriodicType
Event: 2.225 Loading class jdk/jfr/internal/periodic/PeriodicType done

Classes unloaded (0 events):
No events

Classes redefined (0 events):
No events

Internal exceptions (20 events):
Event: 1.778 Thread 0x000001e7c8e779e0 Implicit null exception at 0x000001e7b974aeb7 to 0x000001e7b974bf80
Event: 1.792 Thread 0x000001e7c8e779e0 Implicit null exception at 0x000001e7b976d48d to 0x000001e7b976d71c
Event: 1.792 Thread 0x000001e7c8e779e0 Implicit null exception at 0x000001e7b977190d to 0x000001e7b9771b9c
Event: 1.792 Thread 0x000001e7c8e779e0 Implicit null exception at 0x000001e7b96fd7a0 to 0x000001e7b96fd81d
Event: 1.928 Thread 0x000001e7c8e779e0 Exception <a 'java/lang/IncompatibleClassChangeError'{0x0000000711d202b8}: Found class java.lang.Object, but interface was expected> (0x0000000711d202b8) 
thrown [s\open\src\hotspot\share\interpreter\linkResolver.cpp, line 872]
Event: 1.983 Thread 0x000001e7c8a3fc30 Exception <a 'java/lang/NoSuchMethodError'{0x000000071185d4b0}: 'java.lang.Object java.lang.invoke.DirectMethodHandle$Holder.invokeStatic(java.lang.Object, int, java.lang.Object)'> (0x000000071185d4b0) 
thrown [s\open\src\hotspot\share\interpreter\linkResolver.cpp, line 805]
Event: 2.010 Thread 0x000001e7c8e779e0 Exception <a 'java/lang/ClassNotFoundException'{0x0000000711689068}: com/sun/javafx/scene/control/skin/resources/controls> (0x0000000711689068) 
thrown [s\open\src\hotspot\share\prims\jni.cpp, line 536]
Event: 2.012 Thread 0x000001e7c8e779e0 Exception <a 'java/lang/ClassNotFoundException'{0x0000000711696420}: com/sun/javafx/scene/control/skin/resources/controls_en> (0x0000000711696420) 
thrown [s\open\src\hotspot\share\prims\jni.cpp, line 536]
Event: 2.012 Thread 0x000001e7c8e779e0 Exception <a 'java/lang/ClassNotFoundException'{0x00000007116975c8}: com/sun/javafx/scene/control/skin/resources/controls_en_AU> (0x00000007116975c8) 
thrown [s\open\src\hotspot\share\prims\jni.cpp, line 536]
Event: 2.055 Thread 0x000001e7c8a3fc30 Exception <a 'java/lang/NoSuchMethodError'{0x00000007115d85b0}: 'int java.lang.invoke.DirectMethodHandle$Holder.invokeStatic(java.lang.Object, java.lang.Object, java.lang.Object, java.lang.Object)'> (0x00000007115d85b0) 
thrown [s\open\src\hotspot\share\interpreter\linkResolver.cpp, line 805]
Event: 2.075 Thread 0x000001e7c8e779e0 Exception <a 'java/lang/NoSuchMethodError'{0x0000000711086a18}: 'int java.lang.invoke.DirectMethodHandle$Holder.invokeSpecial(java.lang.Object, java.lang.Object, int)'> (0x0000000711086a18) 
thrown [s\open\src\hotspot\share\interpreter\linkResolver.cpp, line 805]
Event: 2.078 Thread 0x000001e7c8e779e0 Exception <a 'java/lang/NoSuchMethodError'{0x0000000711120fc8}: 'void java.lang.invoke.DirectMethodHandle$Holder.invokeSpecial(java.lang.Object, java.lang.Object, int)'> (0x0000000711120fc8) 
thrown [s\open\src\hotspot\share\interpreter\linkResolver.cpp, line 805]
Event: 2.151 Thread 0x000001e7c8e779e0 Exception <a 'java/lang/NoSuchMethodError'{0x0000000710a452b0}: 'java.lang.Object java.lang.invoke.DirectMethodHandle$Holder.invokeStatic(java.lang.Object, java.lang.Object, java.lang.Object, java.lang.Object, int)'> (0x0000000710a452b0) 
thrown [s\open\src\hotspot\share\interpreter\linkResolver.cpp, line 805]
Event: 2.162 Thread 0x000001e7c8a3fc30 Exception <a 'java/lang/NoSuchMethodError'{0x0000000710ac4b38}: 'void java.lang.invoke.Invokers$Holder.invokeExact_MT(java.lang.Object, int, java.lang.Object)'> (0x0000000710ac4b38) 
thrown [s\open\src\hotspot\share\interpreter\linkResolver.cpp, line 805]
Event: 2.163 Thread 0x000001e7c8a3fc30 Exception <a 'java/lang/NoSuchMethodError'{0x0000000710adef50}: 'void java.lang.invoke.DirectMethodHandle$Holder.invokeStatic(java.lang.Object, java.lang.Object, int)'> (0x0000000710adef50) 
thrown [s\open\src\hotspot\share\interpreter\linkResolver.cpp, line 805]
Event: 2.164 Thread 0x000001e7c8a3fc30 Exception <a 'java/lang/NoSuchMethodError'{0x0000000710aede58}: 'java.lang.Object java.lang.invoke.DirectMethodHandle$Holder.newInvokeSpecial(java.lang.Object, java.lang.Object, int)'> (0x0000000710aede58) 
thrown [s\open\src\hotspot\share\interpreter\linkResolver.cpp, line 805]
Event: 2.169 Thread 0x000001e7c8a3fc30 Exception <a 'sun/nio/fs/WindowsException'{0x0000000710bff470}> (0x0000000710bff470) 
thrown [s\open\src\hotspot\share\prims\jni.cpp, line 518]
Event: 2.171 Thread 0x000001e7c8a3fc30 Exception <a 'sun/nio/fs/WindowsException'{0x000000071020c810}> (0x000000071020c810) 
thrown [s\open\src\hotspot\share\prims\jni.cpp, line 518]
Event: 2.177 Thread 0x000001e7c8a3fc30 Exception <a 'sun/nio/fs/WindowsException'{0x000000071021ea30}> (0x000000071021ea30) 
thrown [s\open\src\hotspot\share\prims\jni.cpp, line 518]
Event: 2.321 Thread 0x000001e7c8e779e0 Exception <a 'java/lang/NoSuchMethodError'{0x000000070fa9b908}: 'void java.lang.invoke.DirectMethodHandle$Holder.invokeSpecial(java.lang.Object, java.lang.Object, java.lang.Object, java.lang.Object, java.lang.Object, java.lang.Object)'> (0x000000070fa9b908) 
thrown [s\open\src\hotspot\share\interpreter\linkResolver.cpp, line 805]

VM Operations (20 events):
Event: 0.731 Executing VM operation: HandshakeAllThreads (Deoptimize)
Event: 0.731 Executing VM operation: HandshakeAllThreads (Deoptimize) done
Event: 0.840 Executing VM operation: HandshakeAllThreads (Deoptimize)
Event: 0.840 Executing VM operation: HandshakeAllThreads (Deoptimize) done
Event: 1.316 Executing VM operation: G1CollectForAllocation (G1 Evacuation Pause)
Event: 1.328 Executing VM operation: G1CollectForAllocation (G1 Evacuation Pause) done
Event: 1.619 Executing VM operation: HandshakeAllThreads (Deoptimize)
Event: 1.619 Executing VM operation: HandshakeAllThreads (Deoptimize) done
Event: 1.620 Executing VM operation: HandshakeAllThreads (Deoptimize)
Event: 1.620 Executing VM operation: HandshakeAllThreads (Deoptimize) done
Event: 1.895 Executing VM operation: HandshakeAllThreads (Deoptimize)
Event: 1.895 Executing VM operation: HandshakeAllThreads (Deoptimize) done
Event: 1.895 Executing VM operation: HandshakeAllThreads (Deoptimize)
Event: 1.895 Executing VM operation: HandshakeAllThreads (Deoptimize) done
Event: 2.166 Executing VM operation: HandshakeAllThreads (Deoptimize)
Event: 2.166 Executing VM operation: HandshakeAllThreads (Deoptimize) done
Event: 2.218 Executing VM operation: JFRSafepointClear
Event: 2.218 Executing VM operation: JFRSafepointClear done
Event: 2.318 Executing VM operation: HandshakeAllThreads (Deoptimize)
Event: 2.318 Executing VM operation: HandshakeAllThreads (Deoptimize) done

Memory protections (0 events):
No events

Nmethod flushes (0 events):
No events

Events (20 events):
Event: 0.052 Thread 0x000001e7a9380580 Thread added: 0x000001e7c8a447f0
Event: 0.052 Thread 0x000001e7a9380580 Thread added: 0x000001e7c8a45780
Event: 0.052 Thread 0x000001e7a9380580 Thread added: 0x000001e7c8a46430
Event: 0.111 Thread 0x000001e7a9380580 Thread added: 0x000001e7c8b0a170
Event: 0.179 Thread 0x000001e7c8a46430 Thread added: 0x000001e7c8c1d6b0
Event: 0.182 Thread 0x000001e7c8a46430 Thread added: 0x000001e7c8c1cf20
Event: 0.275 Thread 0x000001e7a9380580 Thread added: 0x000001e80e9c20f0
Event: 0.275 Thread 0x000001e7a9380580 Thread added: 0x000001e80e9c2830
Event: 0.555 Thread 0x000001e7a9380580 Thread added: 0x000001e80f316930
Event: 0.635 Thread 0x000001e7a9380580 Thread added: 0x000001e80ef92fb0
Event: 0.641 Thread 0x000001e7a9380580 Thread added: 0x000001e7c8e779e0
Event: 0.688 Thread 0x000001e7c8a3fc30 Thread added: 0x000001e80f122bd0
Event: 0.705 Thread 0x000001e80f122bd0 Thread added: 0x000001e80e5cedf0
Event: 0.722 Thread 0x000001e80e5cedf0 Thread added: 0x000001e80e722b00
Event: 0.729 Thread 0x000001e80e5cedf0 Thread added: 0x000001e80e7315e0
Event: 0.814 Thread 0x000001e80f38de40 Thread added: 0x000001e80f38de40
Event: 0.824 Thread 0x000001e7a9380580 Thread added: 0x000001e80f3902d0
Event: 1.923 Thread 0x000001e7c8e779e0 Thread added: 0x000001e80f38f430
Event: 1.997 Thread 0x000001e7c8a3fc30 Thread added: 0x000001e80f38d6f0
Event: 2.165 Thread 0x000001e7c8a3fc30 Thread added: 0x000001e80f38cfa0


Dynamic libraries:
0x00007ff7d5fd0000 - 0x00007ff7d5fde000 	C:\Users\nathf_fzn2ofq\.jdks\openjdk-24.0.1\bin\java.exe
0x00007ff8c9650000 - 0x00007ff8c9867000 	C:\WINDOWS\SYSTEM32\ntdll.dll
0x00007ff8c8b90000 - 0x00007ff8c8c54000 	C:\WINDOWS\System32\KERNEL32.DLL
0x00007ff8c69a0000 - 0x00007ff8c6d73000 	C:\WINDOWS\System32\KERNELBASE.dll
0x00007ff8c6e60000 - 0x00007ff8c6f71000 	C:\WINDOWS\System32\ucrtbase.dll
0x00007ff8b6300000 - 0x00007ff8b6316000 	C:\Users\nathf_fzn2ofq\.jdks\openjdk-24.0.1\bin\jli.dll
0x00007ff8c77f0000 - 0x00007ff8c79a1000 	C:\WINDOWS\System32\USER32.dll
0x00007ff8b16f0000 - 0x00007ff8b170b000 	C:\Users\nathf_fzn2ofq\.jdks\openjdk-24.0.1\bin\VCRUNTIME140.dll
0x00007ff8c6e00000 - 0x00007ff8c6e26000 	C:\WINDOWS\System32\win32u.dll
0x00007ff8aeb80000 - 0x00007ff8aee18000 	C:\WINDOWS\WinSxS\amd64_microsoft.windows.common-controls_6595b64144ccf1df_6.0.22621.5124_none_270e8f4f7386d69d\COMCTL32.dll
0x00007ff8c8cf0000 - 0x00007ff8c8d19000 	C:\WINDOWS\System32\GDI32.dll
0x00007ff8c7c70000 - 0x00007ff8c7d17000 	C:\WINDOWS\System32\msvcrt.dll
0x00007ff8c6760000 - 0x00007ff8c687b000 	C:\WINDOWS\System32\gdi32full.dll
0x00007ff8c6900000 - 0x00007ff8c699a000 	C:\WINDOWS\System32\msvcp_win.dll
0x00007ff8c90f0000 - 0x00007ff8c9121000 	C:\WINDOWS\System32\IMM32.DLL
0x00007ff8c0320000 - 0x00007ff8c032c000 	C:\Users\nathf_fzn2ofq\.jdks\openjdk-24.0.1\bin\vcruntime140_1.dll
0x00007ff8ac4f0000 - 0x00007ff8ac57e000 	C:\Users\nathf_fzn2ofq\.jdks\openjdk-24.0.1\bin\msvcp140.dll
0x00007ff810370000 - 0x00007ff811112000 	C:\Users\nathf_fzn2ofq\.jdks\openjdk-24.0.1\bin\server\jvm.dll
0x00007ff8c8ad0000 - 0x00007ff8c8b81000 	C:\WINDOWS\System32\ADVAPI32.dll
0x00007ff8c9040000 - 0x00007ff8c90e8000 	C:\WINDOWS\System32\sechost.dll
0x00007ff8c6e30000 - 0x00007ff8c6e58000 	C:\WINDOWS\System32\bcrypt.dll
0x00007ff8c94f0000 - 0x00007ff8c9604000 	C:\WINDOWS\System32\RPCRT4.dll
0x00007ff8c7d30000 - 0x00007ff8c7da1000 	C:\WINDOWS\System32\WS2_32.dll
0x00007ff8c6480000 - 0x00007ff8c64cd000 	C:\WINDOWS\SYSTEM32\POWRPROF.dll
0x00007ff8c08c0000 - 0x00007ff8c08f4000 	C:\WINDOWS\SYSTEM32\WINMM.dll
0x00007ff8be710000 - 0x00007ff8be71a000 	C:\WINDOWS\SYSTEM32\VERSION.dll
0x00007ff8c6460000 - 0x00007ff8c6473000 	C:\WINDOWS\SYSTEM32\UMPDC.dll
0x00007ff8c5760000 - 0x00007ff8c5778000 	C:\WINDOWS\SYSTEM32\kernel.appcore.dll
0x00007ff8bdb30000 - 0x00007ff8bdb3a000 	C:\Users\nathf_fzn2ofq\.jdks\openjdk-24.0.1\bin\jimage.dll
0x00007ff8c3fe0000 - 0x00007ff8c4212000 	C:\WINDOWS\SYSTEM32\DBGHELP.DLL
0x00007ff8c72f0000 - 0x00007ff8c7682000 	C:\WINDOWS\System32\combase.dll
0x00007ff8c8d20000 - 0x00007ff8c8df7000 	C:\WINDOWS\System32\OLEAUT32.dll
0x00007ff8adb00000 - 0x00007ff8adb32000 	C:\WINDOWS\SYSTEM32\dbgcore.DLL
0x00007ff8c6880000 - 0x00007ff8c68fb000 	C:\WINDOWS\System32\bcryptPrimitives.dll
0x00007ff8b16e0000 - 0x00007ff8b16ef000 	C:\Users\nathf_fzn2ofq\.jdks\openjdk-24.0.1\bin\instrument.dll
0x00007ff8b0a00000 - 0x00007ff8b0a1e000 	C:\Users\nathf_fzn2ofq\.jdks\openjdk-24.0.1\bin\java.dll
0x00007ff8c7ac0000 - 0x00007ff8c7c61000 	C:\WINDOWS\System32\ole32.dll
0x00007ff8c8230000 - 0x00007ff8c8ac6000 	C:\WINDOWS\System32\SHELL32.dll
0x00007ff8c71b0000 - 0x00007ff8c72ef000 	C:\WINDOWS\System32\wintypes.dll
0x00007ff8c4630000 - 0x00007ff8c4f4a000 	C:\WINDOWS\SYSTEM32\windows.storage.dll
0x00007ff8c9140000 - 0x00007ff8c924a000 	C:\WINDOWS\System32\SHCORE.dll
0x00007ff8c8c60000 - 0x00007ff8c8cc3000 	C:\WINDOWS\System32\shlwapi.dll
0x00007ff8c6690000 - 0x00007ff8c66bb000 	C:\WINDOWS\SYSTEM32\profapi.dll
0x00007ff8aaeb0000 - 0x00007ff8aaf87000 	C:\Users\nathf_fzn2ofq\.jdks\openjdk-24.0.1\bin\jsvml.dll
0x00007ff8b1630000 - 0x00007ff8b1640000 	C:\Users\nathf_fzn2ofq\.jdks\openjdk-24.0.1\bin\net.dll
0x00007ff8c5be0000 - 0x00007ff8c5c4a000 	C:\WINDOWS\system32\mswsock.dll
0x00007ff8b0890000 - 0x00007ff8b08a6000 	C:\Users\nathf_fzn2ofq\.jdks\openjdk-24.0.1\bin\nio.dll
0x00007ff8b0870000 - 0x00007ff8b0887000 	C:\Users\nathf_fzn2ofq\.jdks\openjdk-24.0.1\bin\zip.dll
0x00007ff8b0d50000 - 0x00007ff8b0d59000 	C:\Users\nathf_fzn2ofq\.jdks\openjdk-24.0.1\bin\extnet.dll
0x00007ff8c5220000 - 0x00007ff8c5322000 	C:\WINDOWS\SYSTEM32\DNSAPI.dll
0x00007ff8c51f0000 - 0x00007ff8c521d000 	C:\WINDOWS\SYSTEM32\IPHLPAPI.DLL
0x00007ff8c7d20000 - 0x00007ff8c7d29000 	C:\WINDOWS\System32\NSI.dll
0x00007ff8c0d70000 - 0x00007ff8c0d7a000 	C:\Windows\System32\rasadhlp.dll
0x00007ff8c07b0000 - 0x00007ff8c0833000 	C:\WINDOWS\System32\fwpuclnt.dll
0x00007ff8b07c0000 - 0x00007ff8b07ca000 	C:\Users\nathf_fzn2ofq\.jdks\openjdk-24.0.1\bin\management.dll
0x00007ff8b07b0000 - 0x00007ff8b07bb000 	C:\Users\nathf_fzn2ofq\.jdks\openjdk-24.0.1\bin\management_ext.dll
0x00007ff8c79b0000 - 0x00007ff8c79b8000 	C:\WINDOWS\System32\PSAPI.DLL
0x000001e7a9310000 - 0x000001e7a9314000 	C:\Users\nathf_fzn2ofq\javafx-sdk-24.0.1\bin\api-ms-win-core-console-l1-1-0.dll
0x000001e7a9320000 - 0x000001e7a9324000 	C:\Users\nathf_fzn2ofq\javafx-sdk-24.0.1\bin\api-ms-win-core-console-l1-2-0.dll
0x000001e7a9330000 - 0x000001e7a9334000 	C:\Users\nathf_fzn2ofq\javafx-sdk-24.0.1\bin\api-ms-win-core-datetime-l1-1-0.dll
0x000001e7c8f90000 - 0x000001e7c8f94000 	C:\Users\nathf_fzn2ofq\javafx-sdk-24.0.1\bin\api-ms-win-core-debug-l1-1-0.dll
0x000001e7c8fa0000 - 0x000001e7c8fa4000 	C:\Users\nathf_fzn2ofq\javafx-sdk-24.0.1\bin\api-ms-win-core-errorhandling-l1-1-0.dll
0x000001e7c8fb0000 - 0x000001e7c8fb5000 	C:\Users\nathf_fzn2ofq\javafx-sdk-24.0.1\bin\api-ms-win-core-file-l1-1-0.dll
0x000001e7c8fc0000 - 0x000001e7c8fc4000 	C:\Users\nathf_fzn2ofq\javafx-sdk-24.0.1\bin\api-ms-win-core-file-l1-2-0.dll
0x000001e7c8fd0000 - 0x000001e7c8fd4000 	C:\Users\nathf_fzn2ofq\javafx-sdk-24.0.1\bin\api-ms-win-core-file-l2-1-0.dll
0x000001e7c8fe0000 - 0x000001e7c8fe4000 	C:\Users\nathf_fzn2ofq\javafx-sdk-24.0.1\bin\api-ms-win-core-handle-l1-1-0.dll
0x000001e7c8ff0000 - 0x000001e7c8ff4000 	C:\Users\nathf_fzn2ofq\javafx-sdk-24.0.1\bin\api-ms-win-core-heap-l1-1-0.dll
0x000001e80fb10000 - 0x000001e80fb14000 	C:\Users\nathf_fzn2ofq\javafx-sdk-24.0.1\bin\api-ms-win-core-interlocked-l1-1-0.dll
0x000001e80fb20000 - 0x000001e80fb24000 	C:\Users\nathf_fzn2ofq\javafx-sdk-24.0.1\bin\api-ms-win-core-libraryloader-l1-1-0.dll
0x000001e80fb30000 - 0x000001e80fb34000 	C:\Users\nathf_fzn2ofq\javafx-sdk-24.0.1\bin\api-ms-win-core-localization-l1-2-0.dll
0x000001e80fb40000 - 0x000001e80fb44000 	C:\Users\nathf_fzn2ofq\javafx-sdk-24.0.1\bin\api-ms-win-core-memory-l1-1-0.dll
0x000001e80fb50000 - 0x000001e80fb54000 	C:\Users\nathf_fzn2ofq\javafx-sdk-24.0.1\bin\api-ms-win-core-namedpipe-l1-1-0.dll
0x000001e80fb60000 - 0x000001e80fb64000 	C:\Users\nathf_fzn2ofq\javafx-sdk-24.0.1\bin\api-ms-win-core-processenvironment-l1-1-0.dll
0x000001e80fe60000 - 0x000001e80fe64000 	C:\Users\nathf_fzn2ofq\javafx-sdk-24.0.1\bin\api-ms-win-core-processthreads-l1-1-0.dll
0x000001e80fe70000 - 0x000001e80fe74000 	C:\Users\nathf_fzn2ofq\javafx-sdk-24.0.1\bin\api-ms-win-core-processthreads-l1-1-1.dll
0x000001e80fe80000 - 0x000001e80fe84000 	C:\Users\nathf_fzn2ofq\javafx-sdk-24.0.1\bin\api-ms-win-core-profile-l1-1-0.dll
0x000001e80fb70000 - 0x000001e80fb74000 	C:\Users\nathf_fzn2ofq\javafx-sdk-24.0.1\bin\api-ms-win-core-rtlsupport-l1-1-0.dll
0x000001e80fb80000 - 0x000001e80fb84000 	C:\Users\nathf_fzn2ofq\javafx-sdk-24.0.1\bin\api-ms-win-core-string-l1-1-0.dll
0x000001e80fb90000 - 0x000001e80fb94000 	C:\Users\nathf_fzn2ofq\javafx-sdk-24.0.1\bin\api-ms-win-core-synch-l1-1-0.dll
0x000001e80fba0000 - 0x000001e80fba4000 	C:\Users\nathf_fzn2ofq\javafx-sdk-24.0.1\bin\api-ms-win-core-synch-l1-2-0.dll
0x000001e80fbb0000 - 0x000001e80fbb4000 	C:\Users\nathf_fzn2ofq\javafx-sdk-24.0.1\bin\api-ms-win-core-sysinfo-l1-1-0.dll
0x000001e80fbc0000 - 0x000001e80fbc4000 	C:\Users\nathf_fzn2ofq\javafx-sdk-24.0.1\bin\api-ms-win-core-timezone-l1-1-0.dll
0x000001e80fbd0000 - 0x000001e80fbd4000 	C:\Users\nathf_fzn2ofq\javafx-sdk-24.0.1\bin\api-ms-win-core-util-l1-1-0.dll
0x000001e80fbe0000 - 0x000001e80fbe4000 	C:\Users\nathf_fzn2ofq\javafx-sdk-24.0.1\bin\api-ms-win-crt-conio-l1-1-0.dll
0x000001e80fbf0000 - 0x000001e80fbf5000 	C:\Users\nathf_fzn2ofq\javafx-sdk-24.0.1\bin\api-ms-win-crt-convert-l1-1-0.dll
0x000001e80fc00000 - 0x000001e80fc04000 	C:\Users\nathf_fzn2ofq\javafx-sdk-24.0.1\bin\api-ms-win-crt-environment-l1-1-0.dll
0x000001e80fc10000 - 0x000001e80fc14000 	C:\Users\nathf_fzn2ofq\javafx-sdk-24.0.1\bin\api-ms-win-crt-filesystem-l1-1-0.dll
0x000001e80fc20000 - 0x000001e80fc24000 	C:\Users\nathf_fzn2ofq\javafx-sdk-24.0.1\bin\api-ms-win-crt-heap-l1-1-0.dll
0x000001e80fc30000 - 0x000001e80fc34000 	C:\Users\nathf_fzn2ofq\javafx-sdk-24.0.1\bin\api-ms-win-crt-locale-l1-1-0.dll
0x000001e80fc40000 - 0x000001e80fc46000 	C:\Users\nathf_fzn2ofq\javafx-sdk-24.0.1\bin\api-ms-win-crt-math-l1-1-0.dll
0x000001e80fc50000 - 0x000001e80fc56000 	C:\Users\nathf_fzn2ofq\javafx-sdk-24.0.1\bin\api-ms-win-crt-multibyte-l1-1-0.dll
0x000001e80fc60000 - 0x000001e80fc71000 	C:\Users\nathf_fzn2ofq\javafx-sdk-24.0.1\bin\api-ms-win-crt-private-l1-1-0.dll
0x000001e80fc80000 - 0x000001e80fc84000 	C:\Users\nathf_fzn2ofq\javafx-sdk-24.0.1\bin\api-ms-win-crt-process-l1-1-0.dll
0x000001e80fc90000 - 0x000001e80fc95000 	C:\Users\nathf_fzn2ofq\javafx-sdk-24.0.1\bin\api-ms-win-crt-runtime-l1-1-0.dll
0x000001e80fca0000 - 0x000001e80fca5000 	C:\Users\nathf_fzn2ofq\javafx-sdk-24.0.1\bin\api-ms-win-crt-stdio-l1-1-0.dll
0x000001e80fcb0000 - 0x000001e80fcb5000 	C:\Users\nathf_fzn2ofq\javafx-sdk-24.0.1\bin\api-ms-win-crt-string-l1-1-0.dll
0x000001e80fcc0000 - 0x000001e80fcc4000 	C:\Users\nathf_fzn2ofq\javafx-sdk-24.0.1\bin\api-ms-win-crt-time-l1-1-0.dll
0x000001e80fcd0000 - 0x000001e80fcd4000 	C:\Users\nathf_fzn2ofq\javafx-sdk-24.0.1\bin\api-ms-win-crt-utility-l1-1-0.dll
0x00007ff897ff0000 - 0x00007ff898101000 	C:\Users\nathf_fzn2ofq\javafx-sdk-24.0.1\bin\ucrtbase.dll
0x00007ff8b0760000 - 0x00007ff8b077b000 	C:\Users\nathf_fzn2ofq\javafx-sdk-24.0.1\bin\vcruntime140.dll
0x00007ff8b06f0000 - 0x00007ff8b06fc000 	C:\Users\nathf_fzn2ofq\javafx-sdk-24.0.1\bin\vcruntime140_1.dll
0x00007ff8a23e0000 - 0x00007ff8a246e000 	C:\Users\nathf_fzn2ofq\javafx-sdk-24.0.1\bin\msvcp140.dll
0x00007ff8b06e0000 - 0x00007ff8b06e9000 	C:\Users\nathf_fzn2ofq\javafx-sdk-24.0.1\bin\msvcp140_1.dll
0x00007ff8b0690000 - 0x00007ff8b06d1000 	C:\Users\nathf_fzn2ofq\javafx-sdk-24.0.1\bin\msvcp140_2.dll
0x00007ff8af3f0000 - 0x00007ff8af420000 	C:\Users\nathf_fzn2ofq\javafx-sdk-24.0.1\bin\prism_d3d.dll
0x00007ff881e70000 - 0x00007ff882018000 	C:\WINDOWS\system32\d3d9.dll
0x00007ff8c3a70000 - 0x00007ff8c3a9e000 	C:\WINDOWS\SYSTEM32\dwmapi.dll
0x00007ff8c3900000 - 0x00007ff8c3937000 	C:\WINDOWS\SYSTEM32\dxcore.dll
0x00007ff8c37e0000 - 0x00007ff8c3893000 	C:\WINDOWS\system32\uxtheme.dll
0x00007ff846fa0000 - 0x00007ff847104000 	C:\WINDOWS\System32\DriverStore\FileRepository\iigd_dch.inf_amd64_044fd6f0c2ae28a8\igdumdim64.dll
0x00007ff82dbc0000 - 0x00007ff8324ec000 	C:\WINDOWS\System32\DriverStore\FileRepository\iigd_dch.inf_amd64_044fd6f0c2ae28a8\igd9dxva64.dll
0x00007ff8c7db0000 - 0x00007ff8c8224000 	C:\WINDOWS\System32\SETUPAPI.dll
0x00007ff8c63f0000 - 0x00007ff8c643e000 	C:\WINDOWS\SYSTEM32\cfgmgr32.dll
0x00007ff8b9480000 - 0x00007ff8b9744000 	C:\WINDOWS\System32\DriverStore\FileRepository\iigd_dch.inf_amd64_044fd6f0c2ae28a8\igdgmm64.dll
0x00007ff8bdd10000 - 0x00007ff8bdd59000 	C:\WINDOWS\SYSTEM32\directxdatabasehelper.dll
0x00007ff8af3a0000 - 0x00007ff8af3e8000 	C:\Users\nathf_fzn2ofq\javafx-sdk-24.0.1\bin\glass.dll
0x00007ff8c7690000 - 0x00007ff8c7793000 	C:\WINDOWS\System32\COMDLG32.dll
0x00007ff8c5e40000 - 0x00007ff8c5e5b000 	C:\WINDOWS\SYSTEM32\CRYPTSP.dll
0x00007ff8c56b0000 - 0x00007ff8c56e7000 	C:\WINDOWS\system32\rsaenh.dll
0x00007ff8c5ce0000 - 0x00007ff8c5d08000 	C:\WINDOWS\SYSTEM32\USERENV.dll
0x00007ff8adb90000 - 0x00007ff8add0d000 	C:\Windows\System32\Windows.UI.dll
0x00007ff8c5e60000 - 0x00007ff8c5e6c000 	C:\WINDOWS\SYSTEM32\CRYPTBASE.dll
0x00007ff89a030000 - 0x00007ff89a11d000 	C:\Windows\System32\Windows.Networking.Connectivity.dll
0x00007ff8c9300000 - 0x00007ff8c9460000 	C:\WINDOWS\System32\MSCTF.dll
0x00007ff88e240000 - 0x00007ff88e257000 	C:\WINDOWS\system32\napinsp.dll
0x00007ff88e260000 - 0x00007ff88e27b000 	C:\WINDOWS\system32\pnrpnsp.dll
0x00007ff8afbe0000 - 0x00007ff8afbf1000 	C:\WINDOWS\System32\winrnr.dll
0x00007ff8c0d80000 - 0x00007ff8c0d95000 	C:\WINDOWS\system32\wshbth.dll

JVMTI agents:
C:\Program Files\JetBrains\IntelliJ IDEA 2025.1.1.1\lib\idea_rt.jar path:C:\Users\nathf_fzn2ofq\.jdks\openjdk-24.0.1\bin\instrument.dll, loaded, initialized, instrumentlib options:59165

dbghelp: loaded successfully - version: 4.0.5 - missing functions: none
symbol engine: initialized successfully - sym options: 0x614 - pdb path: .;C:\Users\nathf_fzn2ofq\.jdks\openjdk-24.0.1\bin;C:\WINDOWS\SYSTEM32;C:\WINDOWS\WinSxS\amd64_microsoft.windows.common-controls_6595b64144ccf1df_6.0.22621.5124_none_270e8f4f7386d69d;C:\Users\nathf_fzn2ofq\.jdks\openjdk-24.0.1\bin\server;C:\Users\nathf_fzn2ofq\javafx-sdk-24.0.1\bin;C:\WINDOWS\System32\DriverStore\FileRepository\iigd_dch.inf_amd64_044fd6f0c2ae28a8;C:\Program Files\Common Files\Microsoft Shared\Ink;C:\Users\nathf_fzn2ofq\AppData\Local\Temp\idea_libasyncProfiler_dll_temp_folder

VM Arguments:
jvm_args: --module-path=C:\Users\nathf_fzn2ofq\javafx-sdk-24.0.1\lib --add-modules=javafx.controls,javafx.fxml -javaagent:C:\Program Files\JetBrains\IntelliJ IDEA 2025.1.1.1\lib\idea_rt.jar=59165 -Dfile.encoding=UTF-8 -Dsun.stdout.encoding=UTF-8 -Dsun.stderr.encoding=UTF-8 
java_command: AccountSystem
java_class_path (initial): C:\Users\nathf_fzn2ofq\IdeaProjects\JavaFx Pain\out\production\JavaFx Pain;C:\Users\nathf_fzn2ofq\javafx-sdk-24.0.1\lib\javafx-swt.jar;C:\Users\nathf_fzn2ofq\javafx-sdk-24.0.1\lib\javafx.web.jar;C:\Users\nathf_fzn2ofq\javafx-sdk-24.0.1\lib\javafx.base.jar;C:\Users\nathf_fzn2ofq\javafx-sdk-24.0.1\lib\javafx.fxml.jar;C:\Users\nathf_fzn2ofq\javafx-sdk-24.0.1\lib\javafx.media.jar;C:\Users\nathf_fzn2ofq\javafx-sdk-24.0.1\lib\javafx.swing.jar;C:\Users\nathf_fzn2ofq\javafx-sdk-24.0.1\lib\jdk.jsobject.jar;C:\Users\nathf_fzn2ofq\javafx-sdk-24.0.1\lib\javafx.controls.jar;C:\Users\nathf_fzn2ofq\javafx-sdk-24.0.1\lib\javafx.graphics.jar;C:\Users\nathf_fzn2ofq\javafx-sdk-24.0.1\lib\jfx.incubator.input.jar;C:\Users\nathf_fzn2ofq\javafx-sdk-24.0.1\lib\jfx.incubator.richtext.jar
Launcher Type: SUN_STANDARD

[Global flags]
     intx CICompilerCount                          = 4                                         {product} {ergonomic}
     uint ConcGCThreads                            = 2                                         {product} {ergonomic}
     bool FlightRecorder                           = true                                      {product} {management}
     uint G1ConcRefinementThreads                  = 8                                         {product} {ergonomic}
   size_t G1HeapRegionSize                         = 2097152                                   {product} {ergonomic}
   size_t InitialHeapSize                          = 266338304                                 {product} {ergonomic}
   size_t MarkStackSize                            = 4194304                                   {product} {ergonomic}
   size_t MarkStackSizeMax                         = 536870912                                 {product} {ergonomic}
   size_t MaxHeapSize                              = 4232052736                                {product} {ergonomic}
   size_t MaxNewSize                               = 2537553920                                {product} {ergonomic}
   size_t MinHeapDeltaBytes                        = 2097152                                   {product} {ergonomic}
   size_t MinHeapSize                              = 8388608                                   {product} {ergonomic}
    uintx NonNMethodCodeHeapSize                   = 5832704                                {pd product} {ergonomic}
    uintx NonProfiledCodeHeapSize                  = 122945536                              {pd product} {ergonomic}
    uintx ProfiledCodeHeapSize                     = 122880000                              {pd product} {ergonomic}
    uintx ReservedCodeCacheSize                    = 251658240                              {pd product} {ergonomic}
     bool SegmentedCodeCache                       = true                                      {product} {ergonomic}
   size_t SoftMaxHeapSize                          = 4232052736                             {manageable} {ergonomic}
     bool UseCompressedOops                        = true                           {product lp64_product} {ergonomic}
     bool UseG1GC                                  = true                                      {product} {ergonomic}
     bool UseLargePagesIndividualAllocation        = false                                  {pd product} {ergonomic}

Logging:
Log output configuration:
 #0: stdout all=warning uptime,level,tags foldmultilines=false
 #1: stderr all=off uptime,level,tags foldmultilines=false

Environment Variables:
PATH=C:\Program Files\Common Files\Oracle\Java\javapath;C:\Program Files (x86)\Razer Chroma SDK\bin;C:\Program Files\Razer Chroma SDK\bin;C:\Program Files (x86)\Common Files\Oracle\Java\java8path;C:\Program Files (x86)\Common Files\Oracle\Java\javapath;C:\Program Files (x86)\Razer\ChromaBroadcast\bin;C:\Program Files\Razer\ChromaBroadcast\bin;C:\Program Files (x86)\NVIDIA Corporation\PhysX\Common;C:\WINDOWS\system32;C:\WINDOWS;C:\WINDOWS\System32\Wbem;C:\WINDOWS\System32\WindowsPowerShell\v1.0\;C:\WINDOWS\System32\OpenSSH\;C:\Users\nathf_fzn2ofq\AppData\Local\Microsoft\WindowsApps;C:\WINDOWS\system32\config\systemprofile\AppData\Local\Microsoft\WindowsApps;C:\Program Files\nodejs\;C:\ProgramData\chocolatey\bin;C:\Users\nathf_fzn2ofq\AppData\Local\Programs\Python\Python313;C:\Users\nathf_fzn2ofq\AppData\Local\Programs\Python\Python313\Scripts;C:\Program Files\dotnet\;C:\Program Files\Git\cmd;C:\Users\nathf_fzn2ofq\AppData\Local\Programs\Eclipse Adoptium\jdk-21.0.6.7-hotspot\bin;C:\Users\nathf_fzn2ofq\AppData\Local\Programs\Python\Launcher\;C:\Users\nathf_fzn2ofq\AppData\Local\Programs\Python\Python313\Scripts\;C:\Users\nathf_fzn2ofq\AppData\Local\Programs\Python\Python313\;C:\Users\nathf_fzn2ofq\AppData\Local\Microsoft\WindowsApps;C:\Users\nathf_fzn2ofq\AppData\Local\Microsoft\WinGet\Links;C:\Users\nathf_fzn2ofq\AppData\Roaming\npm;C:\Program Files\JetBrains\IntelliJ IDEA Community Edition 2024.3.4.1\bin;;C:\Users\nathf_fzn2ofq\AppData\Local\Programs\Microsoft VS Code\bin;C:\Program Files\JetBrains\IntelliJ IDEA 2025.1.1.1\bin;;C:\Program Files\JetBrains\JetBrains Rider 2025.1.2\bin;
USERNAME=nathf_fzn2ofq
OS=Windows_NT
PROCESSOR_IDENTIFIER=Intel64 Family 6 Model 142 Stepping 12, GenuineIntel
TMP=C:\Users\NATHF_~1\AppData\Local\Temp
TEMP=C:\Users\NATHF_~1\AppData\Local\Temp




Periodic native trim disabled

---------------  S Y S T E M  ---------------

OS:
 Windows 11 , 64 bit Build 22621 (10.0.22621.5124)
OS uptime: 4 days 3:31 hours
Hyper-V role detected

CPU: total 8 (initial active 8) (4 cores per cpu, 2 threads per core) family 6 model 142 stepping 12 microcode 0xde, cx8, cmov, fxsr, ht, mmx, 3dnowpref, sse, sse2, sse3, ssse3, sse4.1, sse4.2, popcnt, lzcnt, tsc, tscinvbit, avx, avx2, aes, erms, clmul, bmi1, bmi2, adx, fma, vzeroupper, clflush, clflushopt, hv, rdtscp, f16c
Processor Information for the first 8 processors :
  Max Mhz: 2112, Current Mhz: 1609, Mhz Limit: 1605

Memory: 4k page, system-wide physical 16137M (4737M free)
TotalPageFile size 19081M (AvailPageFile size 4524M)
current process WorkingSet (physical memory assigned to process): 245M, peak: 245M
current process commit charge ("private bytes"): 489M, peak: 493M

vm_info: OpenJDK 64-Bit Server VM (24.0.1+9-30) for windows-amd64 JRE (24.0.1+9-30), built on 2025-03-05T07:23:45Z with MS VC++ 17.6 (VS2022)

END.
